[2025-06-29T14:11:33.783681+00:00] main.INFO: {"feed":"undefined","operation":"undefined","status":"Setting mode Update On Schedule for indexer Sales Order Feed","elapsed":"00:00:00 718 ms","pid":"51","caller":"bin\/magento setup:install --db-host=db --db-name=magento --db-user=magento --db-password=magento"} [] []
[2025-06-29T14:11:34.148511+00:00] main.INFO: {"feed":"undefined","operation":"undefined","status":"Setting mode Update On Schedule for indexer Sales Order Statuses Feed","elapsed":"00:00:01 83 ms","pid":"51","caller":"bin\/magento setup:install --db-host=db --db-name=magento --db-user=magento --db-password=magento"} [] []
[2025-06-29T14:11:34.281943+00:00] main.INFO: {"feed":"undefined","operation":"undefined","status":"Setting mode Update On Schedule for indexer Stores Feed","elapsed":"00:00:01 216 ms","pid":"51","caller":"bin\/magento setup:install --db-host=db --db-name=magento --db-user=magento --db-password=magento"} [] []
[2025-07-06T09:43:06.184778+00:00] main.INFO: {"feed":"salesOrders","operation":"full reindex(legacy)","status":"Initialize","elapsed":"207 ms","pid":"291","caller":"bin\/magento indexer:reindex"} [] []
[2025-07-06T09:43:06.244560+00:00] main.INFO: {"feed":"salesOrders","operation":"full reindex(legacy)","status":"Creating batch table `sales_data_exporter_orders_index_batches`. Start position: 0","elapsed":"266 ms","pid":"291","caller":"bin\/magento indexer:reindex"} [] []
[2025-07-06T09:43:06.275597+00:00] main.INFO: {"feed":"salesOrders","operation":"full reindex(legacy)","status":"Batch table `sales_data_exporter_orders_index_batches` created. Total Items: 0, batches: ~0","elapsed":"297 ms","pid":"291","caller":"bin\/magento indexer:reindex"} [] []
[2025-07-06T09:43:06.275826+00:00] main.INFO: {"feed":"salesOrders","operation":"full reindex(legacy)","status":"nothing to process - no items to sync. Not expected? Are there any items in source table `sales_order`?","elapsed":"298 ms","pid":"291","caller":"bin\/magento indexer:reindex"} [] []
[2025-07-06T09:43:06.277420+00:00] main.INFO: {"feed":"salesOrders","operation":"full reindex(legacy)","status":"Complete","elapsed":"299 ms","pid":"291","caller":"bin\/magento indexer:reindex"} [] []
[2025-07-06T09:43:06.295868+00:00] main.INFO: {"feed":"salesOrderStatuses","operation":"full reindex(legacy)","status":"Initialize","elapsed":"429 ms","pid":"291","caller":"bin\/magento indexer:reindex"} [] []
[2025-07-06T09:43:06.358327+00:00] main.INFO: {"feed":"salesOrderStatuses","operation":"full reindex(legacy)","status":"Creating batch table `sales_data_exporter_order_statuses_index_batches`. Start position: ","elapsed":"492 ms","pid":"291","caller":"bin\/magento indexer:reindex"} [] []
[2025-07-06T09:43:06.399030+00:00] main.INFO: {"feed":"salesOrderStatuses","operation":"full reindex(legacy)","status":"Batch table `sales_data_exporter_order_statuses_index_batches` created. Total Items: 12, batches: ~0","elapsed":"533 ms","pid":"291","caller":"bin\/magento indexer:reindex"} [] []
[2025-07-06T09:43:06.399390+00:00] main.INFO: {"feed":"salesOrderStatuses","operation":"full reindex(legacy)","status":"start processing `12` items in `1` threads with `100` batch size","elapsed":"533 ms","pid":"291","caller":"bin\/magento indexer:reindex"} [] []
[2025-07-06T09:43:06.440786+00:00] main.INFO: {"feed":"salesOrderStatuses","operation":"full reindex(legacy)","status":"Progress 1\/1, processed 12, synced 12","elapsed":"574 ms","pid":"291","caller":"bin\/magento indexer:reindex"} [] []
[2025-07-06T09:43:06.443162+00:00] main.INFO: {"feed":"salesOrderStatuses","operation":"full reindex(legacy)","status":"Complete","elapsed":"577 ms","pid":"291","caller":"bin\/magento indexer:reindex"} [] []
[2025-07-06T09:43:06.458042+00:00] main.INFO: {"feed":"stores","operation":"full reindex(legacy)","status":"Initialize","elapsed":"754 ms","pid":"291","caller":"bin\/magento indexer:reindex"} [] []
[2025-07-06T09:43:06.510507+00:00] main.INFO: {"feed":"stores","operation":"full reindex(legacy)","status":"Creating batch table `stores_data_exporter_index_batches`. Start position: 0","elapsed":"806 ms","pid":"291","caller":"bin\/magento indexer:reindex"} [] []
[2025-07-06T09:43:06.543757+00:00] main.INFO: {"feed":"stores","operation":"full reindex(legacy)","status":"Batch table `stores_data_exporter_index_batches` created. Total Items: 1, batches: ~0","elapsed":"839 ms","pid":"291","caller":"bin\/magento indexer:reindex"} [] []
[2025-07-06T09:43:06.543996+00:00] main.INFO: {"feed":"stores","operation":"full reindex(legacy)","status":"start processing `1` items in `1` threads with `100` batch size","elapsed":"840 ms","pid":"291","caller":"bin\/magento indexer:reindex"} [] []
[2025-07-06T09:43:06.551877+00:00] main.INFO: {"feed":"stores","operation":"full reindex(legacy)","status":"Progress 1\/1, processed 1, synced 1","elapsed":"848 ms","pid":"291","caller":"bin\/magento indexer:reindex"} [] []
[2025-07-06T09:43:06.554087+00:00] main.INFO: {"feed":"stores","operation":"full reindex(legacy)","status":"Complete","elapsed":"850 ms","pid":"291","caller":"bin\/magento indexer:reindex"} [] []
