[2025-07-08T09:46:04.067237+00:00] main.INFO: 0 cron jobs were cleaned [] []
[2025-07-08T09:46:04.858085+00:00] main.INFO: Cron Job outdated_authentication_failures_cleanup is run [] []
[2025-07-08T09:46:04.859604+00:00] main.INFO: Cron Job outdated_authentication_failures_cleanup is successfully finished. Statistics: {"sum":0.0018129348754883,"count":1,"realmem":0,"emalloc":74064,"realmem_start":193462272,"emalloc_start":175510240} [] []
[2025-07-08T09:46:04.867180+00:00] main.INFO: Cron Job catalog_product_outdated_price_values_cleanup is run [] []
[2025-07-08T09:46:04.867418+00:00] main.INFO: Cron Job catalog_product_outdated_price_values_cleanup is successfully finished. Statistics: {"sum":0.00023198127746582,"count":1,"realmem":0,"emalloc":1072,"realmem_start":193462272,"emalloc_start":175674544} [] []
[2025-07-08T09:46:04.875868+00:00] main.INFO: Cron Job catalog_product_frontend_actions_flush is run [] []
[2025-07-08T09:46:04.877862+00:00] main.INFO: Cron Job catalog_product_frontend_actions_flush is successfully finished. Statistics: {"sum":0.0018930435180664,"count":1,"realmem":0,"emalloc":1448,"realmem_start":193462272,"emalloc_start":175699816} [] []
[2025-07-08T09:46:04.888131+00:00] main.INFO: Cron Job sales_grid_order_async_insert is run [] []
[2025-07-08T09:46:04.888454+00:00] main.INFO: Cron Job sales_grid_order_async_insert is successfully finished. Statistics: {"sum":0.00031399726867676,"count":1,"realmem":0,"emalloc":1072,"realmem_start":193462272,"emalloc_start":175803632} [] []
[2025-07-08T09:46:04.902616+00:00] main.INFO: Cron Job sales_grid_order_invoice_async_insert is run [] []
[2025-07-08T09:46:04.902930+00:00] main.INFO: Cron Job sales_grid_order_invoice_async_insert is successfully finished. Statistics: {"sum":0.00029802322387695,"count":1,"realmem":0,"emalloc":1072,"realmem_start":193462272,"emalloc_start":175808128} [] []
[2025-07-08T09:46:04.909842+00:00] main.INFO: Cron Job sales_grid_order_shipment_async_insert is run [] []
[2025-07-08T09:46:04.910160+00:00] main.INFO: Cron Job sales_grid_order_shipment_async_insert is successfully finished. Statistics: {"sum":0.00031185150146484,"count":1,"realmem":0,"emalloc":1072,"realmem_start":193462272,"emalloc_start":175811776} [] []
[2025-07-08T09:46:04.917160+00:00] main.INFO: Cron Job sales_grid_order_creditmemo_async_insert is run [] []
[2025-07-08T09:46:04.917441+00:00] main.INFO: Cron Job sales_grid_order_creditmemo_async_insert is successfully finished. Statistics: {"sum":0.00026679039001465,"count":1,"realmem":0,"emalloc":1072,"realmem_start":193462272,"emalloc_start":175815552} [] []
[2025-07-08T09:46:04.997681+00:00] main.INFO: Cron Job sales_send_order_emails is run [] []
[2025-07-08T09:46:04.997995+00:00] main.INFO: Cron Job sales_send_order_emails is successfully finished. Statistics: {"sum":0.00030016899108887,"count":1,"realmem":0,"emalloc":1136,"realmem_start":193462272,"emalloc_start":178194120} [] []
[2025-07-08T09:46:05.011704+00:00] main.INFO: Cron Job sales_send_order_invoice_emails is run [] []
[2025-07-08T09:46:05.012001+00:00] main.INFO: Cron Job sales_send_order_invoice_emails is successfully finished. Statistics: {"sum":0.00028395652770996,"count":1,"realmem":0,"emalloc":1072,"realmem_start":193462272,"emalloc_start":178571224} [] []
[2025-07-08T09:46:05.024377+00:00] main.INFO: Cron Job sales_send_order_shipment_emails is run [] []
[2025-07-08T09:46:05.024699+00:00] main.INFO: Cron Job sales_send_order_shipment_emails is successfully finished. Statistics: {"sum":0.00030994415283203,"count":1,"realmem":0,"emalloc":1072,"realmem_start":193462272,"emalloc_start":178853544} [] []
[2025-07-08T09:46:05.034938+00:00] main.INFO: Cron Job sales_send_order_creditmemo_emails is run [] []
[2025-07-08T09:46:05.035157+00:00] main.INFO: Cron Job sales_send_order_creditmemo_emails is successfully finished. Statistics: {"sum":0.0002129077911377,"count":1,"realmem":0,"emalloc":1072,"realmem_start":193462272,"emalloc_start":179171832} [] []
[2025-07-08T09:46:05.043594+00:00] main.INFO: Cron Job inventory_in_store_pickup_sales_send_order_notified_emails is run [] []
[2025-07-08T09:46:05.044123+00:00] main.INFO: Cron Job inventory_in_store_pickup_sales_send_order_notified_emails is successfully finished. Statistics: {"sum":0.00034523010253906,"count":1,"realmem":0,"emalloc":1072,"realmem_start":193462272,"emalloc_start":179180416} [] []
[2025-07-08T09:46:05.075171+00:00] main.INFO: Cron Job magento_newrelicreporting_cron is run [] []
[2025-07-08T09:46:05.075805+00:00] main.INFO: Cron Job magento_newrelicreporting_cron is successfully finished. Statistics: {"sum":0.00060296058654785,"count":1,"realmem":0,"emalloc":1072,"realmem_start":193462272,"emalloc_start":180733512} [] []
[2025-07-08T09:46:05.082632+00:00] main.INFO: Cron Job bulk_cleanup is run [] []
[2025-07-08T09:46:05.083968+00:00] main.INFO: Cron Job bulk_cleanup is successfully finished. Statistics: {"sum":0.0013151168823242,"count":1,"realmem":0,"emalloc":2360,"realmem_start":193462272,"emalloc_start":180739920} [] []
[2025-07-08T09:46:05.092506+00:00] main.INFO: Cron Job maxime_job_say_ok is run [] []
[2025-07-08T09:46:05.093488+00:00] main.INFO: Cron Job maxime_job_say_ok is successfully finished. Statistics: {"sum":0.00096487998962402,"count":1,"realmem":0,"emalloc":12824,"realmem_start":193462272,"emalloc_start":180743696} [] []
[2025-07-08T09:46:05.605015+00:00] main.INFO: Cron Job indexer_reindex_all_invalid is run [] []
[2025-07-08T09:46:05.625497+00:00] main.INFO: Cron Job indexer_reindex_all_invalid is successfully finished. Statistics: {"sum":0.020817995071411,"count":1,"realmem":0,"emalloc":850408,"realmem_start":201850880,"emalloc_start":187741416} [] []
[2025-07-08T09:46:05.634366+00:00] main.INFO: Cron Job submit_payment_services_order_production_feed is run [] []
[2025-07-08T09:46:05.634962+00:00] main.INFO: Cron Job indexer_update_all_views is run [] []
[2025-07-08T09:46:05.636414+00:00] main.INFO: Cron Job submit_payment_services_order_production_feed is successfully finished. Statistics: {"sum":0.0023210048675537,"count":1,"realmem":0,"emalloc":173000,"realmem_start":201850880,"emalloc_start":187917784} [] []
[2025-07-08T09:46:05.643516+00:00] main.INFO: Cron Job submit_payment_services_order_sandbox_feed is run [] []
[2025-07-08T09:46:05.643837+00:00] main.INFO: Cron Job submit_payment_services_order_sandbox_feed is successfully finished. Statistics: {"sum":0.00031399726867676,"count":1,"realmem":0,"emalloc":1072,"realmem_start":201850880,"emalloc_start":188091560} [] []
[2025-07-08T09:46:05.649795+00:00] main.INFO: Cron Job submit_payment_services_order_status_production_feed is run [] []
[2025-07-08T09:46:05.650151+00:00] main.INFO: Cron Job submit_payment_services_order_status_production_feed is successfully finished. Statistics: {"sum":0.00034594535827637,"count":1,"realmem":0,"emalloc":1072,"realmem_start":201850880,"emalloc_start":188093072} [] []
[2025-07-08T09:46:05.657629+00:00] main.INFO: Cron Job submit_payment_services_order_status_sandbox_feed is run [] []
[2025-07-08T09:46:05.658077+00:00] main.INFO: Cron Job submit_payment_services_order_status_sandbox_feed is successfully finished. Statistics: {"sum":0.00043201446533203,"count":1,"realmem":0,"emalloc":1072,"realmem_start":201850880,"emalloc_start":188094472} [] []
[2025-07-08T09:46:05.665145+00:00] main.INFO: Cron Job submit_payment_services_store_production_feed is run [] []
[2025-07-08T09:46:05.665519+00:00] main.INFO: Cron Job submit_payment_services_store_production_feed is successfully finished. Statistics: {"sum":0.00036382675170898,"count":1,"realmem":0,"emalloc":1072,"realmem_start":201850880,"emalloc_start":188095984} [] []
[2025-07-08T09:46:05.672841+00:00] main.INFO: Cron Job submit_payment_services_store_sandbox_feed is run [] []
[2025-07-08T09:46:05.673170+00:00] main.INFO: Cron Job submit_payment_services_store_sandbox_feed is successfully finished. Statistics: {"sum":0.00032615661621094,"count":1,"realmem":0,"emalloc":1072,"realmem_start":201850880,"emalloc_start":188097384} [] []
[2025-07-08T09:46:05.837252+00:00] main.INFO: Cron Job indexer_update_all_views is successfully finished. Statistics: {"sum":0.20225811004639,"count":1,"realmem":0,"emalloc":5491112,"realmem_start":201850880,"emalloc_start":188593928} [] []
[2025-07-08T09:46:06.198537+00:00] main.INFO: Cron Job consumers_runner is run [] []
[2025-07-08T09:46:06.245850+00:00] main.INFO: Cron Job consumers_runner is successfully finished. Statistics: {"sum":0.047700881958008,"count":1,"realmem":0,"emalloc":901400,"realmem_start":201850880,"emalloc_start":193608880} [] []
[2025-07-08T09:47:02.281998+00:00] main.INFO: Cron Job outdated_authentication_failures_cleanup is run [] []
[2025-07-08T09:47:02.283119+00:00] main.INFO: Cron Job outdated_authentication_failures_cleanup is successfully finished. Statistics: {"sum":0.0016269683837891,"count":1,"realmem":0,"emalloc":14176,"realmem_start":201850880,"emalloc_start":187990000} [] []
[2025-07-08T09:47:02.293895+00:00] main.INFO: Cron Job catalog_product_outdated_price_values_cleanup is run [] []
[2025-07-08T09:47:02.294288+00:00] main.INFO: Cron Job catalog_product_outdated_price_values_cleanup is successfully finished. Statistics: {"sum":0.00038504600524902,"count":1,"realmem":0,"emalloc":1072,"realmem_start":201850880,"emalloc_start":188094456} [] []
[2025-07-08T09:47:02.303178+00:00] main.INFO: Cron Job catalog_product_frontend_actions_flush is run [] []
[2025-07-08T09:47:02.304587+00:00] main.INFO: Cron Job catalog_product_frontend_actions_flush is successfully finished. Statistics: {"sum":0.001370906829834,"count":1,"realmem":0,"emalloc":1512,"realmem_start":201850880,"emalloc_start":188119728} [] []
[2025-07-08T09:47:02.314764+00:00] main.INFO: Cron Job sales_grid_order_async_insert is run [] []
[2025-07-08T09:47:02.315079+00:00] main.INFO: Cron Job sales_grid_order_async_insert is successfully finished. Statistics: {"sum":0.00030279159545898,"count":1,"realmem":0,"emalloc":1072,"realmem_start":201850880,"emalloc_start":188289144} [] []
[2025-07-08T09:47:02.321797+00:00] main.INFO: Cron Job sales_grid_order_invoice_async_insert is run [] []
[2025-07-08T09:47:02.322077+00:00] main.INFO: Cron Job sales_grid_order_invoice_async_insert is successfully finished. Statistics: {"sum":0.00026988983154297,"count":1,"realmem":0,"emalloc":1072,"realmem_start":201850880,"emalloc_start":188293640} [] []
[2025-07-08T09:47:02.329005+00:00] main.INFO: Cron Job sales_grid_order_shipment_async_insert is run [] []
[2025-07-08T09:47:02.329365+00:00] main.INFO: Cron Job sales_grid_order_shipment_async_insert is successfully finished. Statistics: {"sum":0.00035285949707031,"count":1,"realmem":0,"emalloc":1072,"realmem_start":201850880,"emalloc_start":188297288} [] []
[2025-07-08T09:47:02.336972+00:00] main.INFO: Cron Job sales_grid_order_creditmemo_async_insert is run [] []
[2025-07-08T09:47:02.337267+00:00] main.INFO: Cron Job sales_grid_order_creditmemo_async_insert is successfully finished. Statistics: {"sum":0.00028586387634277,"count":1,"realmem":0,"emalloc":1072,"realmem_start":201850880,"emalloc_start":188301064} [] []
[2025-07-08T09:47:02.380472+00:00] main.INFO: Cron Job sales_send_order_emails is run [] []
[2025-07-08T09:47:02.380832+00:00] main.INFO: Cron Job sales_send_order_emails is successfully finished. Statistics: {"sum":0.00034379959106445,"count":1,"realmem":0,"emalloc":66608,"realmem_start":201850880,"emalloc_start":190590696} [] []
[2025-07-08T09:47:02.396034+00:00] main.INFO: Cron Job sales_send_order_invoice_emails is run [] []
[2025-07-08T09:47:02.396318+00:00] main.INFO: Cron Job sales_send_order_invoice_emails is successfully finished. Statistics: {"sum":0.00027608871459961,"count":1,"realmem":0,"emalloc":1072,"realmem_start":201850880,"emalloc_start":191012792} [] []
[2025-07-08T09:47:02.407190+00:00] main.INFO: Cron Job sales_send_order_shipment_emails is run [] []
[2025-07-08T09:47:02.407463+00:00] main.INFO: Cron Job sales_send_order_shipment_emails is successfully finished. Statistics: {"sum":0.00025105476379395,"count":1,"realmem":0,"emalloc":1072,"realmem_start":201850880,"emalloc_start":191295112} [] []
[2025-07-08T09:47:02.418123+00:00] main.INFO: Cron Job sales_send_order_creditmemo_emails is run [] []
[2025-07-08T09:47:02.418363+00:00] main.INFO: Cron Job sales_send_order_creditmemo_emails is successfully finished. Statistics: {"sum":0.00023388862609863,"count":1,"realmem":0,"emalloc":1072,"realmem_start":201850880,"emalloc_start":191633880} [] []
[2025-07-08T09:47:02.425918+00:00] main.INFO: Cron Job inventory_in_store_pickup_sales_send_order_notified_emails is run [] []
[2025-07-08T09:47:02.426219+00:00] main.INFO: Cron Job inventory_in_store_pickup_sales_send_order_notified_emails is successfully finished. Statistics: {"sum":0.00029206275939941,"count":1,"realmem":0,"emalloc":1072,"realmem_start":201850880,"emalloc_start":191642464} [] []
[2025-07-08T09:47:02.434195+00:00] main.INFO: Cron Job bulk_cleanup is run [] []
[2025-07-08T09:47:02.434988+00:00] main.INFO: Cron Job bulk_cleanup is successfully finished. Statistics: {"sum":0.00077700614929199,"count":1,"realmem":0,"emalloc":2360,"realmem_start":201850880,"emalloc_start":191648720} [] []
[2025-07-08T09:47:02.441874+00:00] main.INFO: Cron Job maxime_job_say_ok is run [] []
[2025-07-08T09:47:02.442784+00:00] main.INFO: Cron Job maxime_job_say_ok is successfully finished. Statistics: {"sum":0.00089812278747559,"count":1,"realmem":0,"emalloc":12824,"realmem_start":201850880,"emalloc_start":191652496} [] []
[2025-07-08T09:47:03.820845+00:00] main.INFO: Cron Job indexer_reindex_all_invalid is run [] []
[2025-07-08T09:47:03.841424+00:00] main.INFO: Cron Job indexer_reindex_all_invalid is successfully finished. Statistics: {"sum":0.020866870880127,"count":1,"realmem":0,"emalloc":915944,"realmem_start":201850880,"emalloc_start":187670208} [] []
[2025-07-08T09:47:03.849989+00:00] main.INFO: Cron Job indexer_update_all_views is run [] []
[2025-07-08T09:47:03.963333+00:00] main.INFO: Cron Job submit_payment_services_order_production_feed is run [] []
[2025-07-08T09:47:03.966606+00:00] main.INFO: Cron Job submit_payment_services_order_production_feed is successfully finished. Statistics: {"sum":0.0036768913269043,"count":1,"realmem":0,"emalloc":107464,"realmem_start":201850880,"emalloc_start":187907640} [] []
[2025-07-08T09:47:03.974607+00:00] main.INFO: Cron Job submit_payment_services_order_sandbox_feed is run [] []
[2025-07-08T09:47:03.975001+00:00] main.INFO: Cron Job submit_payment_services_order_sandbox_feed is successfully finished. Statistics: {"sum":0.00038909912109375,"count":1,"realmem":0,"emalloc":1072,"realmem_start":201850880,"emalloc_start":188015880} [] []
[2025-07-08T09:47:03.981894+00:00] main.INFO: Cron Job indexer_update_all_views is successfully finished. Statistics: {"sum":0.13187599182129,"count":1,"realmem":0,"emalloc":5348408,"realmem_start":201850880,"emalloc_start":188588256} [] []
[2025-07-08T09:47:03.986153+00:00] main.INFO: Cron Job submit_payment_services_order_status_production_feed is run [] []
[2025-07-08T09:47:03.986593+00:00] main.INFO: Cron Job submit_payment_services_order_status_production_feed is successfully finished. Statistics: {"sum":0.0004119873046875,"count":1,"realmem":0,"emalloc":1072,"realmem_start":201850880,"emalloc_start":188017392} [] []
[2025-07-08T09:47:03.992942+00:00] main.INFO: Cron Job submit_payment_services_order_status_sandbox_feed is run [] []
[2025-07-08T09:47:03.993355+00:00] main.INFO: Cron Job submit_payment_services_order_status_sandbox_feed is successfully finished. Statistics: {"sum":0.00040292739868164,"count":1,"realmem":0,"emalloc":1072,"realmem_start":201850880,"emalloc_start":188018792} [] []
[2025-07-08T09:47:04.001043+00:00] main.INFO: Cron Job submit_payment_services_store_production_feed is run [] []
[2025-07-08T09:47:04.001433+00:00] main.INFO: Cron Job submit_payment_services_store_production_feed is successfully finished. Statistics: {"sum":0.00039100646972656,"count":1,"realmem":0,"emalloc":1072,"realmem_start":201850880,"emalloc_start":188020304} [] []
[2025-07-08T09:47:04.002233+00:00] main.INFO: Cron Job consumers_runner is run [] []
[2025-07-08T09:47:04.007719+00:00] main.INFO: Cron Job submit_payment_services_store_sandbox_feed is run [] []
[2025-07-08T09:47:04.008654+00:00] main.INFO: Cron Job submit_payment_services_store_sandbox_feed is successfully finished. Statistics: {"sum":0.00037097930908203,"count":1,"realmem":0,"emalloc":1072,"realmem_start":201850880,"emalloc_start":188021704} [] []
[2025-07-08T09:47:04.038511+00:00] main.INFO: Cron Job consumers_runner is successfully finished. Statistics: {"sum":0.036632061004639,"count":1,"realmem":0,"emalloc":901696,"realmem_start":201850880,"emalloc_start":188037432} [] []
[2025-07-08T09:48:02.934494+00:00] main.INFO: Cron Job outdated_authentication_failures_cleanup is run [] []
[2025-07-08T09:48:02.935629+00:00] main.INFO: Cron Job outdated_authentication_failures_cleanup is successfully finished. Statistics: {"sum":0.0027899742126465,"count":1,"realmem":0,"emalloc":14176,"realmem_start":201850880,"emalloc_start":187973336} [] []
[2025-07-08T09:48:02.945418+00:00] main.INFO: Cron Job catalog_product_outdated_price_values_cleanup is run [] []
[2025-07-08T09:48:02.946001+00:00] main.INFO: Cron Job catalog_product_outdated_price_values_cleanup is successfully finished. Statistics: {"sum":0.00056600570678711,"count":1,"realmem":0,"emalloc":1072,"realmem_start":201850880,"emalloc_start":188077792} [] []
[2025-07-08T09:48:02.956506+00:00] main.INFO: Cron Job catalog_product_frontend_actions_flush is run [] []
[2025-07-08T09:48:02.957645+00:00] main.INFO: Cron Job catalog_product_frontend_actions_flush is successfully finished. Statistics: {"sum":0.001121997833252,"count":1,"realmem":0,"emalloc":1512,"realmem_start":201850880,"emalloc_start":188103064} [] []
[2025-07-08T09:48:02.969245+00:00] main.INFO: Cron Job sales_grid_order_async_insert is run [] []
[2025-07-08T09:48:02.969549+00:00] main.INFO: Cron Job sales_grid_order_async_insert is successfully finished. Statistics: {"sum":0.00028419494628906,"count":1,"realmem":0,"emalloc":1072,"realmem_start":201850880,"emalloc_start":188272480} [] []
[2025-07-08T09:48:02.976785+00:00] main.INFO: Cron Job sales_grid_order_invoice_async_insert is run [] []
[2025-07-08T09:48:02.977034+00:00] main.INFO: Cron Job sales_grid_order_invoice_async_insert is successfully finished. Statistics: {"sum":0.000244140625,"count":1,"realmem":0,"emalloc":1072,"realmem_start":201850880,"emalloc_start":188276976} [] []
[2025-07-08T09:48:02.987759+00:00] main.INFO: Cron Job sales_grid_order_shipment_async_insert is run [] []
[2025-07-08T09:48:02.988034+00:00] main.INFO: Cron Job sales_grid_order_shipment_async_insert is successfully finished. Statistics: {"sum":0.00026798248291016,"count":1,"realmem":0,"emalloc":1072,"realmem_start":201850880,"emalloc_start":188280624} [] []
[2025-07-08T09:48:02.995967+00:00] main.INFO: Cron Job sales_grid_order_creditmemo_async_insert is run [] []
[2025-07-08T09:48:02.996638+00:00] main.INFO: Cron Job sales_grid_order_creditmemo_async_insert is successfully finished. Statistics: {"sum":0.00054502487182617,"count":1,"realmem":0,"emalloc":1072,"realmem_start":201850880,"emalloc_start":188284400} [] []
[2025-07-08T09:48:03.047948+00:00] main.INFO: Cron Job sales_send_order_emails is run [] []
[2025-07-08T09:48:03.048634+00:00] main.INFO: Cron Job sales_send_order_emails is successfully finished. Statistics: {"sum":0.00067615509033203,"count":1,"realmem":0,"emalloc":66608,"realmem_start":201850880,"emalloc_start":190574032} [] []
[2025-07-08T09:48:03.063202+00:00] main.INFO: Cron Job sales_send_order_invoice_emails is run [] []
[2025-07-08T09:48:03.064070+00:00] main.INFO: Cron Job sales_send_order_invoice_emails is successfully finished. Statistics: {"sum":0.00078415870666504,"count":1,"realmem":0,"emalloc":1072,"realmem_start":201850880,"emalloc_start":190996128} [] []
[2025-07-08T09:48:03.081567+00:00] main.INFO: Cron Job sales_send_order_shipment_emails is run [] []
[2025-07-08T09:48:03.082839+00:00] main.INFO: Cron Job sales_send_order_shipment_emails is successfully finished. Statistics: {"sum":0.00078201293945312,"count":1,"realmem":0,"emalloc":1072,"realmem_start":201850880,"emalloc_start":191278448} [] []
[2025-07-08T09:48:03.106429+00:00] main.INFO: Cron Job sales_send_order_creditmemo_emails is run [] []
[2025-07-08T09:48:03.106841+00:00] main.INFO: Cron Job sales_send_order_creditmemo_emails is successfully finished. Statistics: {"sum":0.00040197372436523,"count":1,"realmem":0,"emalloc":1072,"realmem_start":201850880,"emalloc_start":191617216} [] []
[2025-07-08T09:48:03.115559+00:00] main.INFO: Cron Job inventory_in_store_pickup_sales_send_order_notified_emails is run [] []
[2025-07-08T09:48:03.115949+00:00] main.INFO: Cron Job inventory_in_store_pickup_sales_send_order_notified_emails is successfully finished. Statistics: {"sum":0.00038504600524902,"count":1,"realmem":0,"emalloc":1072,"realmem_start":201850880,"emalloc_start":191625800} [] []
[2025-07-08T09:48:03.153644+00:00] main.INFO: Cron Job magento_newrelicreporting_cron is run [] []
[2025-07-08T09:48:03.153943+00:00] main.INFO: Cron Job magento_newrelicreporting_cron is successfully finished. Statistics: {"sum":0.00028705596923828,"count":1,"realmem":0,"emalloc":1072,"realmem_start":201850880,"emalloc_start":193180104} [] []
[2025-07-08T09:48:03.160401+00:00] main.INFO: Cron Job bulk_cleanup is run [] []
[2025-07-08T09:48:03.161060+00:00] main.INFO: Cron Job bulk_cleanup is successfully finished. Statistics: {"sum":0.0006411075592041,"count":1,"realmem":0,"emalloc":2360,"realmem_start":201850880,"emalloc_start":193186512} [] []
[2025-07-08T09:48:03.167745+00:00] main.INFO: Cron Job maxime_job_say_ok is run [] []
[2025-07-08T09:48:03.168541+00:00] main.INFO: Cron Job maxime_job_say_ok is successfully finished. Statistics: {"sum":0.00077390670776367,"count":1,"realmem":0,"emalloc":12824,"realmem_start":201850880,"emalloc_start":193190288} [] []
[2025-07-08T09:48:04.544459+00:00] main.INFO: Cron Job indexer_reindex_all_invalid is run [] []
[2025-07-08T09:48:04.572739+00:00] main.INFO: Cron Job indexer_reindex_all_invalid is successfully finished. Statistics: {"sum":0.028774976730347,"count":1,"realmem":0,"emalloc":850408,"realmem_start":201850880,"emalloc_start":187741416} [] []
[2025-07-08T09:48:04.580133+00:00] main.INFO: Cron Job indexer_update_all_views is run [] []
[2025-07-08T09:48:04.650020+00:00] main.INFO: Cron Job consumers_runner is run [] []
[2025-07-08T09:48:04.672108+00:00] main.INFO: Cron Job submit_payment_services_order_production_feed is run [] []
[2025-07-08T09:48:04.674647+00:00] main.INFO: Cron Job submit_payment_services_order_production_feed is successfully finished. Statistics: {"sum":0.0028359889984131,"count":1,"realmem":0,"emalloc":173000,"realmem_start":201850880,"emalloc_start":187917784} [] []
[2025-07-08T09:48:04.681825+00:00] main.INFO: Cron Job submit_payment_services_order_sandbox_feed is run [] []
[2025-07-08T09:48:04.682113+00:00] main.INFO: Cron Job consumers_runner is successfully finished. Statistics: {"sum":0.032512187957764,"count":1,"realmem":0,"emalloc":901696,"realmem_start":201850880,"emalloc_start":188036256} [] []
[2025-07-08T09:48:04.682204+00:00] main.INFO: Cron Job submit_payment_services_order_sandbox_feed is successfully finished. Statistics: {"sum":0.00036883354187012,"count":1,"realmem":0,"emalloc":1072,"realmem_start":201850880,"emalloc_start":188091560} [] []
[2025-07-08T09:48:04.688816+00:00] main.INFO: Cron Job submit_payment_services_order_status_production_feed is run [] []
[2025-07-08T09:48:04.689237+00:00] main.INFO: Cron Job submit_payment_services_order_status_production_feed is successfully finished. Statistics: {"sum":0.00040888786315918,"count":1,"realmem":0,"emalloc":1072,"realmem_start":201850880,"emalloc_start":188093072} [] []
[2025-07-08T09:48:04.695894+00:00] main.INFO: Cron Job submit_payment_services_order_status_sandbox_feed is run [] []
[2025-07-08T09:48:04.696314+00:00] main.INFO: Cron Job submit_payment_services_order_status_sandbox_feed is successfully finished. Statistics: {"sum":0.00040912628173828,"count":1,"realmem":0,"emalloc":1072,"realmem_start":201850880,"emalloc_start":188094472} [] []
[2025-07-08T09:48:04.703327+00:00] main.INFO: Cron Job submit_payment_services_store_production_feed is run [] []
[2025-07-08T09:48:04.703745+00:00] main.INFO: Cron Job submit_payment_services_store_production_feed is successfully finished. Statistics: {"sum":0.00040888786315918,"count":1,"realmem":0,"emalloc":1072,"realmem_start":201850880,"emalloc_start":188095984} [] []
[2025-07-08T09:48:04.708855+00:00] main.INFO: Cron Job indexer_update_all_views is successfully finished. Statistics: {"sum":0.12870693206787,"count":1,"realmem":0,"emalloc":5348408,"realmem_start":201850880,"emalloc_start":188593928} [] []
[2025-07-08T09:48:04.710663+00:00] main.INFO: Cron Job submit_payment_services_store_sandbox_feed is run [] []
[2025-07-08T09:48:04.711137+00:00] main.INFO: Cron Job submit_payment_services_store_sandbox_feed is successfully finished. Statistics: {"sum":0.00045585632324219,"count":1,"realmem":0,"emalloc":1072,"realmem_start":201850880,"emalloc_start":188097384} [] []
[2025-07-08T09:49:06.764165+00:00] main.INFO: 0 cron jobs were cleaned [] []
[2025-07-08T09:49:07.056018+00:00] main.INFO: Cron Job outdated_authentication_failures_cleanup is run [] []
[2025-07-08T09:49:07.056795+00:00] main.INFO: Cron Job outdated_authentication_failures_cleanup is successfully finished. Statistics: {"sum":0.00083088874816895,"count":1,"realmem":0,"emalloc":2848,"realmem_start":107479040,"emalloc_start":95801144} [] []
[2025-07-08T09:49:07.067444+00:00] main.INFO: Cron Job catalog_product_outdated_price_values_cleanup is run [] []
[2025-07-08T09:49:07.067801+00:00] main.INFO: Cron Job catalog_product_outdated_price_values_cleanup is successfully finished. Statistics: {"sum":0.00034809112548828,"count":1,"realmem":0,"emalloc":1072,"realmem_start":107479040,"emalloc_start":95927232} [] []
[2025-07-08T09:49:07.077336+00:00] main.INFO: Cron Job catalog_product_frontend_actions_flush is run [] []
[2025-07-08T09:49:07.078365+00:00] main.INFO: Cron Job catalog_product_frontend_actions_flush is successfully finished. Statistics: {"sum":0.0010008811950684,"count":1,"realmem":0,"emalloc":1448,"realmem_start":107479040,"emalloc_start":95955360} [] []
[2025-07-08T09:49:07.089257+00:00] main.INFO: Cron Job sales_grid_order_async_insert is run [] []
[2025-07-08T09:49:07.089588+00:00] main.INFO: Cron Job sales_grid_order_async_insert is successfully finished. Statistics: {"sum":0.00030207633972168,"count":1,"realmem":0,"emalloc":1072,"realmem_start":107479040,"emalloc_start":96070936} [] []
[2025-07-08T09:49:07.098837+00:00] main.INFO: Cron Job sales_grid_order_invoice_async_insert is run [] []
[2025-07-08T09:49:07.099161+00:00] main.INFO: Cron Job sales_grid_order_invoice_async_insert is successfully finished. Statistics: {"sum":0.00031208992004395,"count":1,"realmem":0,"emalloc":1072,"realmem_start":107479040,"emalloc_start":96075104} [] []
[2025-07-08T09:49:07.106695+00:00] main.INFO: Cron Job sales_grid_order_shipment_async_insert is run [] []
[2025-07-08T09:49:07.107004+00:00] main.INFO: Cron Job sales_grid_order_shipment_async_insert is successfully finished. Statistics: {"sum":0.00029492378234863,"count":1,"realmem":0,"emalloc":1072,"realmem_start":107479040,"emalloc_start":96078616} [] []
[2025-07-08T09:49:07.114510+00:00] main.INFO: Cron Job sales_grid_order_creditmemo_async_insert is run [] []
[2025-07-08T09:49:07.114812+00:00] main.INFO: Cron Job sales_grid_order_creditmemo_async_insert is successfully finished. Statistics: {"sum":0.00028610229492188,"count":1,"realmem":0,"emalloc":1072,"realmem_start":107479040,"emalloc_start":96082128} [] []
[2025-07-08T09:49:07.200051+00:00] main.INFO: Cron Job sales_send_order_emails is run [] []
[2025-07-08T09:49:07.200416+00:00] main.INFO: Cron Job sales_send_order_emails is successfully finished. Statistics: {"sum":0.00032401084899902,"count":1,"realmem":0,"emalloc":1136,"realmem_start":109576192,"emalloc_start":98015600} [] []
[2025-07-08T09:49:07.220937+00:00] main.INFO: Cron Job sales_send_order_invoice_emails is run [] []
[2025-07-08T09:49:07.221281+00:00] main.INFO: Cron Job sales_send_order_invoice_emails is successfully finished. Statistics: {"sum":0.00032901763916016,"count":1,"realmem":0,"emalloc":1136,"realmem_start":109576192,"emalloc_start":98629072} [] []
[2025-07-08T09:49:07.244846+00:00] main.INFO: Cron Job sales_send_order_shipment_emails is run [] []
[2025-07-08T09:49:07.245186+00:00] main.INFO: Cron Job sales_send_order_shipment_emails is successfully finished. Statistics: {"sum":0.00032401084899902,"count":1,"realmem":0,"emalloc":1136,"realmem_start":111673344,"emalloc_start":99324328} [] []
[2025-07-08T09:49:07.264545+00:00] main.INFO: Cron Job sales_send_order_creditmemo_emails is run [] []
[2025-07-08T09:49:07.264856+00:00] main.INFO: Cron Job sales_send_order_creditmemo_emails is successfully finished. Statistics: {"sum":0.00030422210693359,"count":1,"realmem":0,"emalloc":1136,"realmem_start":111673344,"emalloc_start":99901376} [] []
[2025-07-08T09:49:07.274990+00:00] main.INFO: Cron Job inventory_in_store_pickup_sales_send_order_notified_emails is run [] []
[2025-07-08T09:49:07.275314+00:00] main.INFO: Cron Job inventory_in_store_pickup_sales_send_order_notified_emails is successfully finished. Statistics: {"sum":0.0003049373626709,"count":1,"realmem":0,"emalloc":66608,"realmem_start":111673344,"emalloc_start":99931864} [] []
[2025-07-08T09:49:07.282802+00:00] main.INFO: Cron Job bulk_cleanup is run [] []
[2025-07-08T09:49:07.283682+00:00] main.INFO: Cron Job bulk_cleanup is successfully finished. Statistics: {"sum":0.00085020065307617,"count":1,"realmem":0,"emalloc":4304,"realmem_start":111673344,"emalloc_start":100008704} [] []
[2025-07-08T09:49:07.290862+00:00] main.INFO: Cron Job maxime_job_say_ok is run [] []
[2025-07-08T09:49:07.291309+00:00] main.INFO: Cron Job maxime_job_say_ok is successfully finished. Statistics: {"sum":0.00043082237243652,"count":1,"realmem":0,"emalloc":1008,"realmem_start":111673344,"emalloc_start":100016472} [] []
[2025-07-08T09:49:07.705840+00:00] main.INFO: Cron Job indexer_reindex_all_invalid is run [] []
[2025-07-08T09:49:07.807901+00:00] main.INFO: Cron Job indexer_reindex_all_invalid is successfully finished. Statistics: {"sum":0.10232496261597,"count":1,"realmem":2097152,"emalloc":2023496,"realmem_start":105381888,"emalloc_start":93840112} [] []
[2025-07-08T09:49:07.814114+00:00] main.INFO: Cron Job indexer_update_all_views is run [] []
[2025-07-08T09:49:07.821142+00:00] main.INFO: Cron Job submit_payment_services_order_production_feed is run [] []
[2025-07-08T09:49:07.823955+00:00] main.INFO: Cron Job submit_payment_services_order_production_feed is successfully finished. Statistics: {"sum":0.0029609203338623,"count":1,"realmem":0,"emalloc":175288,"realmem_start":105381888,"emalloc_start":93550288} [] []
[2025-07-08T09:49:07.831282+00:00] main.INFO: Cron Job submit_payment_services_order_sandbox_feed is run [] []
[2025-07-08T09:49:07.831652+00:00] main.INFO: Cron Job submit_payment_services_order_sandbox_feed is successfully finished. Statistics: {"sum":0.00035715103149414,"count":1,"realmem":0,"emalloc":1072,"realmem_start":105381888,"emalloc_start":93726352} [] []
[2025-07-08T09:49:07.838996+00:00] main.INFO: Cron Job submit_payment_services_order_status_production_feed is run [] []
[2025-07-08T09:49:07.839611+00:00] main.INFO: Cron Job submit_payment_services_order_status_production_feed is successfully finished. Statistics: {"sum":0.00058197975158691,"count":1,"realmem":0,"emalloc":1072,"realmem_start":105381888,"emalloc_start":93727864} [] []
[2025-07-08T09:49:07.848215+00:00] main.INFO: Cron Job submit_payment_services_order_status_sandbox_feed is run [] []
[2025-07-08T09:49:07.848654+00:00] main.INFO: Cron Job submit_payment_services_order_status_sandbox_feed is successfully finished. Statistics: {"sum":0.00042295455932617,"count":1,"realmem":0,"emalloc":1072,"realmem_start":105381888,"emalloc_start":93729264} [] []
[2025-07-08T09:49:07.855772+00:00] main.INFO: Cron Job submit_payment_services_store_production_feed is run [] []
[2025-07-08T09:49:07.856230+00:00] main.INFO: Cron Job submit_payment_services_store_production_feed is successfully finished. Statistics: {"sum":0.00041699409484863,"count":1,"realmem":0,"emalloc":1072,"realmem_start":105381888,"emalloc_start":93730776} [] []
[2025-07-08T09:49:07.868914+00:00] main.INFO: Cron Job submit_payment_services_store_sandbox_feed is run [] []
[2025-07-08T09:49:07.869356+00:00] main.INFO: Cron Job submit_payment_services_store_sandbox_feed is successfully finished. Statistics: {"sum":0.00042605400085449,"count":1,"realmem":0,"emalloc":1072,"realmem_start":105381888,"emalloc_start":93732176} [] []
[2025-07-08T09:49:08.051871+00:00] main.INFO: Cron Job indexer_update_all_views is successfully finished. Statistics: {"sum":0.23770213127136,"count":1,"realmem":4194304,"emalloc":7966936,"realmem_start":107479040,"emalloc_start":95866208} [] []
[2025-07-08T09:49:08.418701+00:00] main.INFO: Cron Job consumers_runner is run [] []
[2025-07-08T09:49:08.447067+00:00] main.INFO: Cron Job consumers_runner is successfully finished. Statistics: {"sum":0.028549909591675,"count":1,"realmem":2097152,"emalloc":903320,"realmem_start":107479040,"emalloc_start":99837824} [] []
[2025-07-08T09:50:02.469913+00:00] main.INFO: Cron Job outdated_authentication_failures_cleanup is run [] []
[2025-07-08T09:50:02.470931+00:00] main.INFO: Cron Job outdated_authentication_failures_cleanup is successfully finished. Statistics: {"sum":0.0014209747314453,"count":1,"realmem":0,"emalloc":79592,"realmem_start":201850880,"emalloc_start":188448448} [] []
[2025-07-08T09:50:02.483399+00:00] main.INFO: Cron Job catalog_product_outdated_price_values_cleanup is run [] []
[2025-07-08T09:50:02.483766+00:00] main.INFO: Cron Job catalog_product_outdated_price_values_cleanup is successfully finished. Statistics: {"sum":0.00034999847412109,"count":1,"realmem":0,"emalloc":1072,"realmem_start":201850880,"emalloc_start":188618320} [] []
[2025-07-08T09:50:02.492470+00:00] main.INFO: Cron Job catalog_product_frontend_actions_flush is run [] []
[2025-07-08T09:50:02.493794+00:00] main.INFO: Cron Job catalog_product_frontend_actions_flush is successfully finished. Statistics: {"sum":0.0012919902801514,"count":1,"realmem":0,"emalloc":1512,"realmem_start":201850880,"emalloc_start":188643592} [] []
[2025-07-08T09:50:02.502571+00:00] main.INFO: Cron Job catalog_product_attribute_value_synchronize is run [] []
[2025-07-08T09:50:02.503835+00:00] main.INFO: Cron Job catalog_product_attribute_value_synchronize is successfully finished. Statistics: {"sum":0.0012469291687012,"count":1,"realmem":0,"emalloc":20784,"realmem_start":201850880,"emalloc_start":188685760} [] []
[2025-07-08T09:50:02.513793+00:00] main.INFO: Cron Job sales_grid_order_async_insert is run [] []
[2025-07-08T09:50:02.514126+00:00] main.INFO: Cron Job sales_grid_order_async_insert is successfully finished. Statistics: {"sum":0.00031614303588867,"count":1,"realmem":0,"emalloc":1072,"realmem_start":201850880,"emalloc_start":188808936} [] []
[2025-07-08T09:50:02.521358+00:00] main.INFO: Cron Job sales_grid_order_invoice_async_insert is run [] []
[2025-07-08T09:50:02.521731+00:00] main.INFO: Cron Job sales_grid_order_invoice_async_insert is successfully finished. Statistics: {"sum":0.00035595893859863,"count":1,"realmem":0,"emalloc":1072,"realmem_start":201850880,"emalloc_start":188813432} [] []
[2025-07-08T09:50:02.529854+00:00] main.INFO: Cron Job sales_grid_order_shipment_async_insert is run [] []
[2025-07-08T09:50:02.530183+00:00] main.INFO: Cron Job sales_grid_order_shipment_async_insert is successfully finished. Statistics: {"sum":0.00031280517578125,"count":1,"realmem":0,"emalloc":1072,"realmem_start":201850880,"emalloc_start":188817080} [] []
[2025-07-08T09:50:02.537627+00:00] main.INFO: Cron Job sales_grid_order_creditmemo_async_insert is run [] []
[2025-07-08T09:50:02.537934+00:00] main.INFO: Cron Job sales_grid_order_creditmemo_async_insert is successfully finished. Statistics: {"sum":0.00029301643371582,"count":1,"realmem":0,"emalloc":1072,"realmem_start":201850880,"emalloc_start":188820856} [] []
[2025-07-08T09:50:02.582645+00:00] main.INFO: Cron Job sales_send_order_emails is run [] []
[2025-07-08T09:50:02.582974+00:00] main.INFO: Cron Job sales_send_order_emails is successfully finished. Statistics: {"sum":0.00031089782714844,"count":1,"realmem":0,"emalloc":1072,"realmem_start":201850880,"emalloc_start":191352632} [] []
[2025-07-08T09:50:02.598495+00:00] main.INFO: Cron Job sales_send_order_invoice_emails is run [] []
[2025-07-08T09:50:02.598836+00:00] main.INFO: Cron Job sales_send_order_invoice_emails is successfully finished. Statistics: {"sum":0.00033092498779297,"count":1,"realmem":0,"emalloc":1072,"realmem_start":201850880,"emalloc_start":191891224} [] []
[2025-07-08T09:50:02.614166+00:00] main.INFO: Cron Job sales_send_order_shipment_emails is run [] []
[2025-07-08T09:50:02.614482+00:00] main.INFO: Cron Job sales_send_order_shipment_emails is successfully finished. Statistics: {"sum":0.00030183792114258,"count":1,"realmem":0,"emalloc":1072,"realmem_start":201850880,"emalloc_start":192339312} [] []
[2025-07-08T09:50:02.628317+00:00] main.INFO: Cron Job sales_send_order_creditmemo_emails is run [] []
[2025-07-08T09:50:02.628642+00:00] main.INFO: Cron Job sales_send_order_creditmemo_emails is successfully finished. Statistics: {"sum":0.00030899047851562,"count":1,"realmem":0,"emalloc":1072,"realmem_start":201850880,"emalloc_start":192838528} [] []
[2025-07-08T09:50:02.636836+00:00] main.INFO: Cron Job newsletter_send_all is run [] []
[2025-07-08T09:50:02.659088+00:00] main.INFO: Cron Job newsletter_send_all is successfully finished. Statistics: {"sum":0.022220134735107,"count":1,"realmem":0,"emalloc":429456,"realmem_start":201850880,"emalloc_start":192801256} [] []
[2025-07-08T09:50:02.667590+00:00] main.INFO: Cron Job captcha_delete_expired_images is run [] []
[2025-07-08T09:50:02.684053+00:00] main.INFO: Cron Job captcha_delete_expired_images is successfully finished. Statistics: {"sum":0.016427040100098,"count":1,"realmem":0,"emalloc":837848,"realmem_start":201850880,"emalloc_start":193261480} [] []
[2025-07-08T09:50:02.692796+00:00] main.INFO: Cron Job inventory_in_store_pickup_sales_send_order_notified_emails is run [] []
[2025-07-08T09:50:02.693104+00:00] main.INFO: Cron Job inventory_in_store_pickup_sales_send_order_notified_emails is successfully finished. Statistics: {"sum":0.00029492378234863,"count":1,"realmem":0,"emalloc":1072,"realmem_start":201850880,"emalloc_start":194151880} [] []
[2025-07-08T09:50:02.740448+00:00] main.INFO: Cron Job magento_newrelicreporting_cron is run [] []
[2025-07-08T09:50:02.740843+00:00] main.INFO: Cron Job magento_newrelicreporting_cron is successfully finished. Statistics: {"sum":0.00036001205444336,"count":1,"realmem":0,"emalloc":1072,"realmem_start":201850880,"emalloc_start":196181520} [] []
[2025-07-08T09:50:02.751485+00:00] main.INFO: Cron Job bulk_cleanup is run [] []
[2025-07-08T09:50:02.752333+00:00] main.INFO: Cron Job bulk_cleanup is successfully finished. Statistics: {"sum":0.00082707405090332,"count":1,"realmem":0,"emalloc":2360,"realmem_start":201850880,"emalloc_start":196187928} [] []
[2025-07-08T09:50:02.761667+00:00] main.INFO: Cron Job bulk_mark_incomplete_operations_as_failed is run [] []
[2025-07-08T09:50:02.764355+00:00] main.INFO: Cron Job bulk_mark_incomplete_operations_as_failed is successfully finished. Statistics: {"sum":0.0025699138641357,"count":1,"realmem":0,"emalloc":77384,"realmem_start":201850880,"emalloc_start":196204704} [] []
[2025-07-08T09:50:02.774123+00:00] main.INFO: Cron Job maxime_job_say_ok is run [] []
[2025-07-08T09:50:02.774509+00:00] main.INFO: Cron Job maxime_job_say_ok is successfully finished. Statistics: {"sum":0.00036811828613281,"count":1,"realmem":0,"emalloc":1008,"realmem_start":201850880,"emalloc_start":196284912} [] []
[2025-07-08T09:50:03.748772+00:00] main.INFO: Cron Job indexer_reindex_all_invalid is run [] []
[2025-07-08T09:50:03.774181+00:00] main.INFO: Cron Job consumers_runner is run [] []
[2025-07-08T09:50:03.783982+00:00] main.INFO: Cron Job indexer_reindex_all_invalid is successfully finished. Statistics: {"sum":0.035629034042358,"count":1,"realmem":0,"emalloc":1473280,"realmem_start":201850880,"emalloc_start":188016448} [] []
[2025-07-08T09:50:03.791506+00:00] main.INFO: Cron Job indexer_update_all_views is run [] []
[2025-07-08T09:50:03.811825+00:00] main.INFO: Cron Job consumers_runner is successfully finished. Statistics: {"sum":0.038051128387451,"count":1,"realmem":0,"emalloc":901696,"realmem_start":201850880,"emalloc_start":188379944} [] []
[2025-07-08T09:50:03.924139+00:00] main.INFO: Cron Job submit_payment_services_order_production_feed is run [] []
[2025-07-08T09:50:03.926808+00:00] main.INFO: Cron Job submit_payment_services_order_production_feed is successfully finished. Statistics: {"sum":0.003000020980835,"count":1,"realmem":0,"emalloc":173000,"realmem_start":201850880,"emalloc_start":188184616} [] []
[2025-07-08T09:50:03.927943+00:00] main.INFO: Cron Job indexer_update_all_views is successfully finished. Statistics: {"sum":0.13638401031494,"count":1,"realmem":0,"emalloc":6088416,"realmem_start":201850880,"emalloc_start":189491832} [] []
[2025-07-08T09:50:03.934196+00:00] main.INFO: Cron Job submit_payment_services_order_sandbox_feed is run [] []
[2025-07-08T09:50:03.934524+00:00] main.INFO: Cron Job submit_payment_services_order_sandbox_feed is successfully finished. Statistics: {"sum":0.00031590461730957,"count":1,"realmem":0,"emalloc":1072,"realmem_start":201850880,"emalloc_start":188358392} [] []
[2025-07-08T09:50:03.941266+00:00] main.INFO: Cron Job submit_payment_services_order_status_production_feed is run [] []
[2025-07-08T09:50:03.941680+00:00] main.INFO: Cron Job submit_payment_services_order_status_production_feed is successfully finished. Statistics: {"sum":0.00039005279541016,"count":1,"realmem":0,"emalloc":1072,"realmem_start":201850880,"emalloc_start":188359904} [] []
[2025-07-08T09:50:03.950641+00:00] main.INFO: Cron Job sync_order_payment_status is run [] []
[2025-07-08T09:50:03.951024+00:00] main.INFO: Cron Job sync_order_payment_status is successfully finished. Statistics: {"sum":0.00070595741271973,"count":1,"realmem":0,"emalloc":13736,"realmem_start":201850880,"emalloc_start":188772088} [] []
[2025-07-08T09:50:03.951175+00:00] main.INFO: Cron Job submit_payment_services_order_status_sandbox_feed is run [] []
[2025-07-08T09:50:03.951576+00:00] main.INFO: Cron Job submit_payment_services_order_status_sandbox_feed is successfully finished. Statistics: {"sum":0.00036716461181641,"count":1,"realmem":0,"emalloc":1072,"realmem_start":201850880,"emalloc_start":188361304} [] []
[2025-07-08T09:50:03.960950+00:00] main.INFO: Cron Job submit_payment_services_store_production_feed is run [] []
[2025-07-08T09:50:03.961332+00:00] main.INFO: Cron Job submit_payment_services_store_production_feed is successfully finished. Statistics: {"sum":0.00036907196044922,"count":1,"realmem":0,"emalloc":1072,"realmem_start":201850880,"emalloc_start":188362816} [] []
[2025-07-08T09:50:03.969439+00:00] main.INFO: Cron Job submit_payment_services_store_sandbox_feed is run [] []
[2025-07-08T09:50:03.969816+00:00] main.INFO: Cron Job submit_payment_services_store_sandbox_feed is successfully finished. Statistics: {"sum":0.00036287307739258,"count":1,"realmem":0,"emalloc":1072,"realmem_start":201850880,"emalloc_start":188364216} [] []
[2025-07-08T09:51:02.986798+00:00] main.INFO: Cron Job outdated_authentication_failures_cleanup is run [] []
[2025-07-08T09:51:02.987872+00:00] main.INFO: Cron Job outdated_authentication_failures_cleanup is successfully finished. Statistics: {"sum":0.0015058517456055,"count":1,"realmem":0,"emalloc":14176,"realmem_start":201850880,"emalloc_start":188327552} [] []
[2025-07-08T09:51:02.996361+00:00] main.INFO: Cron Job catalog_product_outdated_price_values_cleanup is run [] []
[2025-07-08T09:51:02.996686+00:00] main.INFO: Cron Job catalog_product_outdated_price_values_cleanup is successfully finished. Statistics: {"sum":0.00031089782714844,"count":1,"realmem":0,"emalloc":1072,"realmem_start":201850880,"emalloc_start":188432008} [] []
[2025-07-08T09:51:03.006297+00:00] main.INFO: Cron Job catalog_product_frontend_actions_flush is run [] []
[2025-07-08T09:51:03.007766+00:00] main.INFO: Cron Job catalog_product_frontend_actions_flush is successfully finished. Statistics: {"sum":0.0014350414276123,"count":1,"realmem":0,"emalloc":1512,"realmem_start":201850880,"emalloc_start":188457280} [] []
[2025-07-08T09:51:03.023424+00:00] main.INFO: Cron Job sales_grid_order_async_insert is run [] []
[2025-07-08T09:51:03.023792+00:00] main.INFO: Cron Job sales_grid_order_async_insert is successfully finished. Statistics: {"sum":0.00035405158996582,"count":1,"realmem":0,"emalloc":1072,"realmem_start":201850880,"emalloc_start":188626696} [] []
[2025-07-08T09:51:03.030278+00:00] main.INFO: Cron Job sales_grid_order_invoice_async_insert is run [] []
[2025-07-08T09:51:03.030575+00:00] main.INFO: Cron Job sales_grid_order_invoice_async_insert is successfully finished. Statistics: {"sum":0.0002739429473877,"count":1,"realmem":0,"emalloc":1072,"realmem_start":201850880,"emalloc_start":188631192} [] []
[2025-07-08T09:51:03.037578+00:00] main.INFO: Cron Job sales_grid_order_shipment_async_insert is run [] []
[2025-07-08T09:51:03.037877+00:00] main.INFO: Cron Job sales_grid_order_shipment_async_insert is successfully finished. Statistics: {"sum":0.00029182434082031,"count":1,"realmem":0,"emalloc":1072,"realmem_start":201850880,"emalloc_start":188634840} [] []
[2025-07-08T09:51:03.044836+00:00] main.INFO: Cron Job sales_grid_order_creditmemo_async_insert is run [] []
[2025-07-08T09:51:03.045125+00:00] main.INFO: Cron Job sales_grid_order_creditmemo_async_insert is successfully finished. Statistics: {"sum":0.00027203559875488,"count":1,"realmem":0,"emalloc":1072,"realmem_start":201850880,"emalloc_start":188638616} [] []
[2025-07-08T09:51:03.089785+00:00] main.INFO: Cron Job sales_send_order_emails is run [] []
[2025-07-08T09:51:03.090117+00:00] main.INFO: Cron Job sales_send_order_emails is successfully finished. Statistics: {"sum":0.00031685829162598,"count":1,"realmem":0,"emalloc":1072,"realmem_start":201850880,"emalloc_start":191170392} [] []
[2025-07-08T09:51:03.108330+00:00] main.INFO: Cron Job sales_send_order_invoice_emails is run [] []
[2025-07-08T09:51:03.108689+00:00] main.INFO: Cron Job sales_send_order_invoice_emails is successfully finished. Statistics: {"sum":0.00034594535827637,"count":1,"realmem":0,"emalloc":1072,"realmem_start":201850880,"emalloc_start":191643128} [] []
[2025-07-08T09:51:03.124803+00:00] main.INFO: Cron Job sales_send_order_shipment_emails is run [] []
[2025-07-08T09:51:03.125113+00:00] main.INFO: Cron Job sales_send_order_shipment_emails is successfully finished. Statistics: {"sum":0.00029802322387695,"count":1,"realmem":0,"emalloc":1072,"realmem_start":201850880,"emalloc_start":192136592} [] []
[2025-07-08T09:51:03.138823+00:00] main.INFO: Cron Job sales_send_order_creditmemo_emails is run [] []
[2025-07-08T09:51:03.139143+00:00] main.INFO: Cron Job sales_send_order_creditmemo_emails is successfully finished. Statistics: {"sum":0.00030684471130371,"count":1,"realmem":0,"emalloc":1072,"realmem_start":201850880,"emalloc_start":192590752} [] []
[2025-07-08T09:51:03.148848+00:00] main.INFO: Cron Job inventory_in_store_pickup_sales_send_order_notified_emails is run [] []
[2025-07-08T09:51:03.149146+00:00] main.INFO: Cron Job inventory_in_store_pickup_sales_send_order_notified_emails is successfully finished. Statistics: {"sum":0.00028181076049805,"count":1,"realmem":0,"emalloc":1072,"realmem_start":201850880,"emalloc_start":192664872} [] []
[2025-07-08T09:51:03.156594+00:00] main.INFO: Cron Job bulk_cleanup is run [] []
[2025-07-08T09:51:03.157512+00:00] main.INFO: Cron Job bulk_cleanup is successfully finished. Statistics: {"sum":0.00089907646179199,"count":1,"realmem":0,"emalloc":2360,"realmem_start":201850880,"emalloc_start":192671128} [] []
[2025-07-08T09:51:03.164057+00:00] main.INFO: Cron Job maxime_job_say_ok is run [] []
[2025-07-08T09:51:03.164413+00:00] main.INFO: Cron Job maxime_job_say_ok is successfully finished. Statistics: {"sum":0.00034093856811523,"count":1,"realmem":0,"emalloc":1008,"realmem_start":201850880,"emalloc_start":192676344} [] []
[2025-07-08T09:51:04.827694+00:00] main.INFO: Cron Job consumers_runner is run [] []
[2025-07-08T09:51:04.860830+00:00] main.INFO: Cron Job consumers_runner is successfully finished. Statistics: {"sum":0.033910989761353,"count":1,"realmem":0,"emalloc":901696,"realmem_start":201850880,"emalloc_start":188378768} [] []
[2025-07-08T09:51:04.886066+00:00] main.INFO: Cron Job submit_payment_services_order_production_feed is run [] []
[2025-07-08T09:51:04.888523+00:00] main.INFO: Cron Job submit_payment_services_order_production_feed is successfully finished. Statistics: {"sum":0.0028219223022461,"count":1,"realmem":0,"emalloc":107464,"realmem_start":201850880,"emalloc_start":188260296} [] []
[2025-07-08T09:51:04.895549+00:00] main.INFO: Cron Job submit_payment_services_order_sandbox_feed is run [] []
[2025-07-08T09:51:04.896020+00:00] main.INFO: Cron Job submit_payment_services_order_sandbox_feed is successfully finished. Statistics: {"sum":0.00046491622924805,"count":1,"realmem":0,"emalloc":1072,"realmem_start":201850880,"emalloc_start":188368536} [] []
[2025-07-08T09:51:04.904735+00:00] main.INFO: Cron Job submit_payment_services_order_status_production_feed is run [] []
[2025-07-08T09:51:04.905163+00:00] main.INFO: Cron Job submit_payment_services_order_status_production_feed is successfully finished. Statistics: {"sum":0.0003960132598877,"count":1,"realmem":0,"emalloc":1072,"realmem_start":201850880,"emalloc_start":188370048} [] []
[2025-07-08T09:51:04.911693+00:00] main.INFO: Cron Job submit_payment_services_order_status_sandbox_feed is run [] []
[2025-07-08T09:51:04.912100+00:00] main.INFO: Cron Job submit_payment_services_order_status_sandbox_feed is successfully finished. Statistics: {"sum":0.00039410591125488,"count":1,"realmem":0,"emalloc":1072,"realmem_start":201850880,"emalloc_start":188371448} [] []
[2025-07-08T09:51:04.919165+00:00] main.INFO: Cron Job submit_payment_services_store_production_feed is run [] []
[2025-07-08T09:51:04.919583+00:00] main.INFO: Cron Job submit_payment_services_store_production_feed is successfully finished. Statistics: {"sum":0.0003960132598877,"count":1,"realmem":0,"emalloc":1072,"realmem_start":201850880,"emalloc_start":188372960} [] []
[2025-07-08T09:51:04.926251+00:00] main.INFO: Cron Job submit_payment_services_store_sandbox_feed is run [] []
[2025-07-08T09:51:04.926650+00:00] main.INFO: Cron Job submit_payment_services_store_sandbox_feed is successfully finished. Statistics: {"sum":0.0003809928894043,"count":1,"realmem":0,"emalloc":1072,"realmem_start":201850880,"emalloc_start":188374360} [] []
[2025-07-08T09:51:04.967329+00:00] main.INFO: Cron Job indexer_reindex_all_invalid is run [] []
[2025-07-08T09:51:04.995790+00:00] main.INFO: Cron Job indexer_reindex_all_invalid is successfully finished. Statistics: {"sum":0.028824090957642,"count":1,"realmem":0,"emalloc":1473280,"realmem_start":201850880,"emalloc_start":188022120} [] []
[2025-07-08T09:51:05.003543+00:00] main.INFO: Cron Job indexer_update_all_views is run [] []
[2025-07-08T09:51:05.126662+00:00] main.INFO: Cron Job indexer_update_all_views is successfully finished. Statistics: {"sum":0.12313604354858,"count":1,"realmem":0,"emalloc":6088416,"realmem_start":201850880,"emalloc_start":189497504} [] []
[2025-07-08T09:52:10.699458+00:00] main.INFO: 0 cron jobs were cleaned [] []
[2025-07-08T09:52:11.014997+00:00] main.INFO: Cron Job outdated_authentication_failures_cleanup is run [] []
[2025-07-08T09:52:11.015799+00:00] main.INFO: Cron Job outdated_authentication_failures_cleanup is successfully finished. Statistics: {"sum":0.00084805488586426,"count":1,"realmem":0,"emalloc":2848,"realmem_start":101187584,"emalloc_start":91919232} [] []
[2025-07-08T09:52:11.029170+00:00] main.INFO: Cron Job catalog_product_outdated_price_values_cleanup is run [] []
[2025-07-08T09:52:11.030448+00:00] main.INFO: Cron Job catalog_product_outdated_price_values_cleanup is successfully finished. Statistics: {"sum":0.0012500286102295,"count":1,"realmem":0,"emalloc":1072,"realmem_start":101187584,"emalloc_start":92045280} [] []
[2025-07-08T09:52:11.038565+00:00] main.INFO: Cron Job catalog_product_frontend_actions_flush is run [] []
[2025-07-08T09:52:11.039887+00:00] main.INFO: Cron Job catalog_product_frontend_actions_flush is successfully finished. Statistics: {"sum":0.0012979507446289,"count":1,"realmem":0,"emalloc":1448,"realmem_start":101187584,"emalloc_start":92073408} [] []
[2025-07-08T09:52:11.053635+00:00] main.INFO: Cron Job sales_grid_order_async_insert is run [] []
[2025-07-08T09:52:11.053946+00:00] main.INFO: Cron Job sales_grid_order_async_insert is successfully finished. Statistics: {"sum":0.00029683113098145,"count":1,"realmem":0,"emalloc":1072,"realmem_start":101187584,"emalloc_start":92129944} [] []
[2025-07-08T09:52:11.064269+00:00] main.INFO: Cron Job sales_grid_order_invoice_async_insert is run [] []
[2025-07-08T09:52:11.064607+00:00] main.INFO: Cron Job sales_grid_order_invoice_async_insert is successfully finished. Statistics: {"sum":0.00030207633972168,"count":1,"realmem":0,"emalloc":1072,"realmem_start":101187584,"emalloc_start":92134112} [] []
[2025-07-08T09:52:11.072319+00:00] main.INFO: Cron Job sales_grid_order_shipment_async_insert is run [] []
[2025-07-08T09:52:11.072673+00:00] main.INFO: Cron Job sales_grid_order_shipment_async_insert is successfully finished. Statistics: {"sum":0.00034403800964355,"count":1,"realmem":0,"emalloc":1072,"realmem_start":101187584,"emalloc_start":92137624} [] []
[2025-07-08T09:52:11.082477+00:00] main.INFO: Cron Job sales_grid_order_creditmemo_async_insert is run [] []
[2025-07-08T09:52:11.082813+00:00] main.INFO: Cron Job sales_grid_order_creditmemo_async_insert is successfully finished. Statistics: {"sum":0.0003199577331543,"count":1,"realmem":0,"emalloc":1072,"realmem_start":101187584,"emalloc_start":92141136} [] []
[2025-07-08T09:52:11.178012+00:00] main.INFO: Cron Job sales_send_order_emails is run [] []
[2025-07-08T09:52:11.178366+00:00] main.INFO: Cron Job sales_send_order_emails is successfully finished. Statistics: {"sum":0.00033903121948242,"count":1,"realmem":0,"emalloc":1136,"realmem_start":101187584,"emalloc_start":93986816} [] []
[2025-07-08T09:52:11.199083+00:00] main.INFO: Cron Job sales_send_order_invoice_emails is run [] []
[2025-07-08T09:52:11.199403+00:00] main.INFO: Cron Job sales_send_order_invoice_emails is successfully finished. Statistics: {"sum":0.00030303001403809,"count":1,"realmem":0,"emalloc":1136,"realmem_start":103284736,"emalloc_start":94665752} [] []
[2025-07-08T09:52:11.228325+00:00] main.INFO: Cron Job sales_send_order_shipment_emails is run [] []
[2025-07-08T09:52:11.228675+00:00] main.INFO: Cron Job sales_send_order_shipment_emails is successfully finished. Statistics: {"sum":0.00033211708068848,"count":1,"realmem":0,"emalloc":1136,"realmem_start":103284736,"emalloc_start":95295472} [] []
[2025-07-08T09:52:11.249424+00:00] main.INFO: Cron Job sales_send_order_creditmemo_emails is run [] []
[2025-07-08T09:52:11.249767+00:00] main.INFO: Cron Job sales_send_order_creditmemo_emails is successfully finished. Statistics: {"sum":0.00032901763916016,"count":1,"realmem":0,"emalloc":1136,"realmem_start":103284736,"emalloc_start":95938016} [] []
[2025-07-08T09:52:11.262103+00:00] main.INFO: Cron Job inventory_in_store_pickup_sales_send_order_notified_emails is run [] []
[2025-07-08T09:52:11.263311+00:00] main.INFO: Cron Job inventory_in_store_pickup_sales_send_order_notified_emails is successfully finished. Statistics: {"sum":0.0011799335479736,"count":1,"realmem":0,"emalloc":1072,"realmem_start":103284736,"emalloc_start":95968504} [] []
[2025-07-08T09:52:11.435232+00:00] main.INFO: Cron Job magento_newrelicreporting_cron is run [] []
[2025-07-08T09:52:11.435886+00:00] main.INFO: Cron Job magento_newrelicreporting_cron is successfully finished. Statistics: {"sum":0.0006411075592041,"count":1,"realmem":0,"emalloc":1136,"realmem_start":105381888,"emalloc_start":96002096} [] []
[2025-07-08T09:52:11.447976+00:00] main.INFO: Cron Job bulk_cleanup is run [] []
[2025-07-08T09:52:11.448959+00:00] main.INFO: Cron Job bulk_cleanup is successfully finished. Statistics: {"sum":0.0009610652923584,"count":1,"realmem":0,"emalloc":4304,"realmem_start":105381888,"emalloc_start":96009768} [] []
[2025-07-08T09:52:11.455929+00:00] main.INFO: Cron Job maxime_job_say_ok is run [] []
[2025-07-08T09:52:11.456328+00:00] main.INFO: Cron Job maxime_job_say_ok is successfully finished. Statistics: {"sum":0.00038290023803711,"count":1,"realmem":0,"emalloc":1008,"realmem_start":105381888,"emalloc_start":96017912} [] []
[2025-07-08T09:52:11.745299+00:00] main.INFO: Cron Job indexer_reindex_all_invalid is run [] []
[2025-07-08T09:52:11.790954+00:00] main.INFO: Cron Job submit_payment_services_order_production_feed is run [] []
[2025-07-08T09:52:11.793682+00:00] main.INFO: Cron Job submit_payment_services_order_production_feed is successfully finished. Statistics: {"sum":0.0028860569000244,"count":1,"realmem":0,"emalloc":175288,"realmem_start":90701824,"emalloc_start":86122304} [] []
[2025-07-08T09:52:11.800321+00:00] main.INFO: Cron Job submit_payment_services_order_sandbox_feed is run [] []
[2025-07-08T09:52:11.800671+00:00] main.INFO: Cron Job submit_payment_services_order_sandbox_feed is successfully finished. Statistics: {"sum":0.0003199577331543,"count":1,"realmem":0,"emalloc":1072,"realmem_start":90701824,"emalloc_start":86298368} [] []
[2025-07-08T09:52:11.807597+00:00] main.INFO: Cron Job submit_payment_services_order_status_production_feed is run [] []
[2025-07-08T09:52:11.808018+00:00] main.INFO: Cron Job submit_payment_services_order_status_production_feed is successfully finished. Statistics: {"sum":0.00040483474731445,"count":1,"realmem":0,"emalloc":1072,"realmem_start":90701824,"emalloc_start":86299880} [] []
[2025-07-08T09:52:11.816721+00:00] main.INFO: Cron Job submit_payment_services_order_status_sandbox_feed is run [] []
[2025-07-08T09:52:11.817146+00:00] main.INFO: Cron Job submit_payment_services_order_status_sandbox_feed is successfully finished. Statistics: {"sum":0.00040602684020996,"count":1,"realmem":0,"emalloc":1072,"realmem_start":90701824,"emalloc_start":86301280} [] []
[2025-07-08T09:52:11.825920+00:00] main.INFO: Cron Job submit_payment_services_store_production_feed is run [] []
[2025-07-08T09:52:11.826358+00:00] main.INFO: Cron Job submit_payment_services_store_production_feed is successfully finished. Statistics: {"sum":0.00042295455932617,"count":1,"realmem":0,"emalloc":1072,"realmem_start":90701824,"emalloc_start":86302792} [] []
[2025-07-08T09:52:11.833621+00:00] main.INFO: Cron Job submit_payment_services_store_sandbox_feed is run [] []
[2025-07-08T09:52:11.834052+00:00] main.INFO: Cron Job submit_payment_services_store_sandbox_feed is successfully finished. Statistics: {"sum":0.00040602684020996,"count":1,"realmem":0,"emalloc":1072,"realmem_start":90701824,"emalloc_start":86304192} [] []
[2025-07-08T09:52:11.841467+00:00] main.INFO: Cron Job indexer_reindex_all_invalid is successfully finished. Statistics: {"sum":0.096315145492554,"count":1,"realmem":2097152,"emalloc":2147968,"realmem_start":90701824,"emalloc_start":86412128} [] []
[2025-07-08T09:52:11.848392+00:00] main.INFO: Cron Job indexer_update_all_views is run [] []
[2025-07-08T09:52:12.046706+00:00] main.INFO: Cron Job indexer_update_all_views is successfully finished. Statistics: {"sum":0.19828581809998,"count":1,"realmem":6291456,"emalloc":7520864,"realmem_start":92798976,"emalloc_start":88562696} [] []
[2025-07-08T09:52:12.360470+00:00] main.INFO: Cron Job consumers_runner is run [] []
[2025-07-08T09:52:12.384672+00:00] main.INFO: Cron Job consumers_runner is successfully finished. Statistics: {"sum":0.024329900741577,"count":1,"realmem":0,"emalloc":903320,"realmem_start":94896128,"emalloc_start":92442464} [] []
[2025-07-08T09:53:02.645928+00:00] main.INFO: Cron Job outdated_authentication_failures_cleanup is run [] []
[2025-07-08T09:53:02.646803+00:00] main.INFO: Cron Job outdated_authentication_failures_cleanup is successfully finished. Statistics: {"sum":0.0012791156768799,"count":1,"realmem":0,"emalloc":79592,"realmem_start":201850880,"emalloc_start":188447360} [] []
[2025-07-08T09:53:02.655809+00:00] main.INFO: Cron Job catalog_product_outdated_price_values_cleanup is run [] []
[2025-07-08T09:53:02.656169+00:00] main.INFO: Cron Job catalog_product_outdated_price_values_cleanup is successfully finished. Statistics: {"sum":0.00034403800964355,"count":1,"realmem":0,"emalloc":1072,"realmem_start":201850880,"emalloc_start":188617232} [] []
[2025-07-08T09:53:02.664972+00:00] main.INFO: Cron Job catalog_product_frontend_actions_flush is run [] []
[2025-07-08T09:53:02.666331+00:00] main.INFO: Cron Job catalog_product_frontend_actions_flush is successfully finished. Statistics: {"sum":0.0013148784637451,"count":1,"realmem":0,"emalloc":1512,"realmem_start":201850880,"emalloc_start":188642504} [] []
[2025-07-08T09:53:02.676566+00:00] main.INFO: Cron Job sales_grid_order_async_insert is run [] []
[2025-07-08T09:53:02.676857+00:00] main.INFO: Cron Job sales_grid_order_async_insert is successfully finished. Statistics: {"sum":0.00028300285339355,"count":1,"realmem":0,"emalloc":1072,"realmem_start":201850880,"emalloc_start":188746384} [] []
[2025-07-08T09:53:02.689690+00:00] main.INFO: Cron Job sales_grid_order_invoice_async_insert is run [] []
[2025-07-08T09:53:02.690024+00:00] main.INFO: Cron Job sales_grid_order_invoice_async_insert is successfully finished. Statistics: {"sum":0.00031900405883789,"count":1,"realmem":0,"emalloc":1072,"realmem_start":201850880,"emalloc_start":188750880} [] []
[2025-07-08T09:53:02.703003+00:00] main.INFO: Cron Job sales_grid_order_shipment_async_insert is run [] []
[2025-07-08T09:53:02.703974+00:00] main.INFO: Cron Job sales_grid_order_shipment_async_insert is successfully finished. Statistics: {"sum":0.00094509124755859,"count":1,"realmem":0,"emalloc":1072,"realmem_start":201850880,"emalloc_start":188754528} [] []
[2025-07-08T09:53:02.715214+00:00] main.INFO: Cron Job sales_grid_order_creditmemo_async_insert is run [] []
[2025-07-08T09:53:02.717801+00:00] main.INFO: Cron Job sales_grid_order_creditmemo_async_insert is successfully finished. Statistics: {"sum":0.0025608539581299,"count":1,"realmem":0,"emalloc":1072,"realmem_start":201850880,"emalloc_start":188758304} [] []
[2025-07-08T09:53:02.770566+00:00] main.INFO: Cron Job sales_send_order_emails is run [] []
[2025-07-08T09:53:02.770862+00:00] main.INFO: Cron Job sales_send_order_emails is successfully finished. Statistics: {"sum":0.00029087066650391,"count":1,"realmem":0,"emalloc":1072,"realmem_start":201850880,"emalloc_start":191290080} [] []
[2025-07-08T09:53:02.782265+00:00] main.INFO: Cron Job sales_send_order_invoice_emails is run [] []
[2025-07-08T09:53:02.782553+00:00] main.INFO: Cron Job sales_send_order_invoice_emails is successfully finished. Statistics: {"sum":0.00025081634521484,"count":1,"realmem":0,"emalloc":1072,"realmem_start":201850880,"emalloc_start":191828352} [] []
[2025-07-08T09:53:02.799084+00:00] main.INFO: Cron Job sales_send_order_shipment_emails is run [] []
[2025-07-08T09:53:02.799431+00:00] main.INFO: Cron Job sales_send_order_shipment_emails is successfully finished. Statistics: {"sum":0.00031208992004395,"count":1,"realmem":0,"emalloc":1072,"realmem_start":201850880,"emalloc_start":192256280} [] []
[2025-07-08T09:53:02.812474+00:00] main.INFO: Cron Job sales_send_order_creditmemo_emails is run [] []
[2025-07-08T09:53:02.812757+00:00] main.INFO: Cron Job sales_send_order_creditmemo_emails is successfully finished. Statistics: {"sum":0.0002601146697998,"count":1,"realmem":0,"emalloc":1072,"realmem_start":201850880,"emalloc_start":192775976} [] []
[2025-07-08T09:53:02.822174+00:00] main.INFO: Cron Job inventory_in_store_pickup_sales_send_order_notified_emails is run [] []
[2025-07-08T09:53:02.822481+00:00] main.INFO: Cron Job inventory_in_store_pickup_sales_send_order_notified_emails is successfully finished. Statistics: {"sum":0.00027894973754883,"count":1,"realmem":0,"emalloc":1072,"realmem_start":201850880,"emalloc_start":192784560} [] []
[2025-07-08T09:53:02.829550+00:00] main.INFO: Cron Job bulk_cleanup is run [] []
[2025-07-08T09:53:02.830209+00:00] main.INFO: Cron Job bulk_cleanup is successfully finished. Statistics: {"sum":0.00063800811767578,"count":1,"realmem":0,"emalloc":2360,"realmem_start":201850880,"emalloc_start":192790816} [] []
[2025-07-08T09:53:02.836954+00:00] main.INFO: Cron Job maxime_job_say_ok is run [] []
[2025-07-08T09:53:02.837323+00:00] main.INFO: Cron Job maxime_job_say_ok is successfully finished. Statistics: {"sum":0.00033807754516602,"count":1,"realmem":0,"emalloc":1008,"realmem_start":201850880,"emalloc_start":192796408} [] []
[2025-07-08T09:53:03.888322+00:00] main.INFO: Cron Job consumers_runner is run [] []
[2025-07-08T09:53:03.913391+00:00] main.INFO: Cron Job consumers_runner is successfully finished. Statistics: {"sum":0.02537202835083,"count":1,"realmem":0,"emalloc":901696,"realmem_start":201850880,"emalloc_start":188379944} [] []
[2025-07-08T09:53:03.958634+00:00] main.INFO: Cron Job indexer_reindex_all_invalid is run [] []
[2025-07-08T09:53:03.981564+00:00] main.INFO: Cron Job indexer_reindex_all_invalid is successfully finished. Statistics: {"sum":0.023202896118164,"count":1,"realmem":0,"emalloc":1473280,"realmem_start":201850880,"emalloc_start":188016448} [] []
[2025-07-08T09:53:03.989996+00:00] main.INFO: Cron Job indexer_update_all_views is run [] []
[2025-07-08T09:53:04.046886+00:00] main.INFO: Cron Job submit_payment_services_order_production_feed is run [] []
[2025-07-08T09:53:04.048857+00:00] main.INFO: Cron Job submit_payment_services_order_production_feed is successfully finished. Statistics: {"sum":0.0022177696228027,"count":1,"realmem":0,"emalloc":173000,"realmem_start":201850880,"emalloc_start":188184616} [] []
[2025-07-08T09:53:04.055303+00:00] main.INFO: Cron Job submit_payment_services_order_sandbox_feed is run [] []
[2025-07-08T09:53:04.055637+00:00] main.INFO: Cron Job submit_payment_services_order_sandbox_feed is successfully finished. Statistics: {"sum":0.00032186508178711,"count":1,"realmem":0,"emalloc":1072,"realmem_start":201850880,"emalloc_start":188358392} [] []
[2025-07-08T09:53:04.062054+00:00] main.INFO: Cron Job submit_payment_services_order_status_production_feed is run [] []
[2025-07-08T09:53:04.062349+00:00] main.INFO: Cron Job submit_payment_services_order_status_production_feed is successfully finished. Statistics: {"sum":0.00028395652770996,"count":1,"realmem":0,"emalloc":1072,"realmem_start":201850880,"emalloc_start":188359904} [] []
[2025-07-08T09:53:04.072712+00:00] main.INFO: Cron Job submit_payment_services_order_status_sandbox_feed is run [] []
[2025-07-08T09:53:04.073041+00:00] main.INFO: Cron Job submit_payment_services_order_status_sandbox_feed is successfully finished. Statistics: {"sum":0.00031709671020508,"count":1,"realmem":0,"emalloc":1072,"realmem_start":201850880,"emalloc_start":188361304} [] []
[2025-07-08T09:53:04.079378+00:00] main.INFO: Cron Job submit_payment_services_store_production_feed is run [] []
[2025-07-08T09:53:04.079676+00:00] main.INFO: Cron Job submit_payment_services_store_production_feed is successfully finished. Statistics: {"sum":0.00028800964355469,"count":1,"realmem":0,"emalloc":1072,"realmem_start":201850880,"emalloc_start":188362816} [] []
[2025-07-08T09:53:04.087139+00:00] main.INFO: Cron Job submit_payment_services_store_sandbox_feed is run [] []
[2025-07-08T09:53:04.087467+00:00] main.INFO: Cron Job submit_payment_services_store_sandbox_feed is successfully finished. Statistics: {"sum":0.0003199577331543,"count":1,"realmem":0,"emalloc":1072,"realmem_start":201850880,"emalloc_start":188364216} [] []
[2025-07-08T09:53:04.096827+00:00] main.INFO: Cron Job indexer_update_all_views is successfully finished. Statistics: {"sum":0.10681390762329,"count":1,"realmem":0,"emalloc":6088416,"realmem_start":201850880,"emalloc_start":189491832} [] []
[2025-07-08T09:54:02.995000+00:00] main.INFO: Cron Job outdated_authentication_failures_cleanup is run [] []
[2025-07-08T09:54:02.996050+00:00] main.INFO: Cron Job outdated_authentication_failures_cleanup is successfully finished. Statistics: {"sum":0.0014469623565674,"count":1,"realmem":0,"emalloc":14176,"realmem_start":201850880,"emalloc_start":188332424} [] []
[2025-07-08T09:54:03.005051+00:00] main.INFO: Cron Job catalog_product_outdated_price_values_cleanup is run [] []
[2025-07-08T09:54:03.005365+00:00] main.INFO: Cron Job catalog_product_outdated_price_values_cleanup is successfully finished. Statistics: {"sum":0.00029802322387695,"count":1,"realmem":0,"emalloc":1072,"realmem_start":201850880,"emalloc_start":188436880} [] []
[2025-07-08T09:54:03.013887+00:00] main.INFO: Cron Job catalog_product_frontend_actions_flush is run [] []
[2025-07-08T09:54:03.015934+00:00] main.INFO: Cron Job catalog_product_frontend_actions_flush is successfully finished. Statistics: {"sum":0.0020060539245605,"count":1,"realmem":0,"emalloc":1512,"realmem_start":201850880,"emalloc_start":188462152} [] []
[2025-07-08T09:54:03.026003+00:00] main.INFO: Cron Job sales_grid_order_async_insert is run [] []
[2025-07-08T09:54:03.026296+00:00] main.INFO: Cron Job sales_grid_order_async_insert is successfully finished. Statistics: {"sum":0.00027799606323242,"count":1,"realmem":0,"emalloc":1072,"realmem_start":201850880,"emalloc_start":188631568} [] []
[2025-07-08T09:54:03.033409+00:00] main.INFO: Cron Job sales_grid_order_invoice_async_insert is run [] []
[2025-07-08T09:54:03.033736+00:00] main.INFO: Cron Job sales_grid_order_invoice_async_insert is successfully finished. Statistics: {"sum":0.00031089782714844,"count":1,"realmem":0,"emalloc":1072,"realmem_start":201850880,"emalloc_start":188636064} [] []
[2025-07-08T09:54:03.040445+00:00] main.INFO: Cron Job sales_grid_order_shipment_async_insert is run [] []
[2025-07-08T09:54:03.040745+00:00] main.INFO: Cron Job sales_grid_order_shipment_async_insert is successfully finished. Statistics: {"sum":0.00028705596923828,"count":1,"realmem":0,"emalloc":1072,"realmem_start":201850880,"emalloc_start":188639712} [] []
[2025-07-08T09:54:03.046832+00:00] main.INFO: Cron Job sales_grid_order_creditmemo_async_insert is run [] []
[2025-07-08T09:54:03.047307+00:00] main.INFO: Cron Job sales_grid_order_creditmemo_async_insert is successfully finished. Statistics: {"sum":0.00045609474182129,"count":1,"realmem":0,"emalloc":1072,"realmem_start":201850880,"emalloc_start":188643488} [] []
[2025-07-08T09:54:03.095011+00:00] main.INFO: Cron Job sales_send_order_emails is run [] []
[2025-07-08T09:54:03.095324+00:00] main.INFO: Cron Job sales_send_order_emails is successfully finished. Statistics: {"sum":0.00029802322387695,"count":1,"realmem":0,"emalloc":1072,"realmem_start":201850880,"emalloc_start":191175264} [] []
[2025-07-08T09:54:03.110912+00:00] main.INFO: Cron Job sales_send_order_invoice_emails is run [] []
[2025-07-08T09:54:03.111212+00:00] main.INFO: Cron Job sales_send_order_invoice_emails is successfully finished. Statistics: {"sum":0.00028705596923828,"count":1,"realmem":0,"emalloc":1072,"realmem_start":201850880,"emalloc_start":191648000} [] []
[2025-07-08T09:54:03.125330+00:00] main.INFO: Cron Job sales_send_order_shipment_emails is run [] []
[2025-07-08T09:54:03.125637+00:00] main.INFO: Cron Job sales_send_order_shipment_emails is successfully finished. Statistics: {"sum":0.00028610229492188,"count":1,"realmem":0,"emalloc":1072,"realmem_start":201850880,"emalloc_start":192141464} [] []
[2025-07-08T09:54:03.139466+00:00] main.INFO: Cron Job sales_send_order_creditmemo_emails is run [] []
[2025-07-08T09:54:03.139759+00:00] main.INFO: Cron Job sales_send_order_creditmemo_emails is successfully finished. Statistics: {"sum":0.00027990341186523,"count":1,"realmem":0,"emalloc":1072,"realmem_start":201850880,"emalloc_start":192595624} [] []
[2025-07-08T09:54:03.149377+00:00] main.INFO: Cron Job inventory_in_store_pickup_sales_send_order_notified_emails is run [] []
[2025-07-08T09:54:03.149721+00:00] main.INFO: Cron Job inventory_in_store_pickup_sales_send_order_notified_emails is successfully finished. Statistics: {"sum":0.00033092498779297,"count":1,"realmem":0,"emalloc":1072,"realmem_start":201850880,"emalloc_start":192669744} [] []
[2025-07-08T09:54:03.189971+00:00] main.INFO: Cron Job magento_newrelicreporting_cron is run [] []
[2025-07-08T09:54:03.190283+00:00] main.INFO: Cron Job magento_newrelicreporting_cron is successfully finished. Statistics: {"sum":0.00029802322387695,"count":1,"realmem":0,"emalloc":1072,"realmem_start":201850880,"emalloc_start":194565784} [] []
[2025-07-08T09:54:03.198197+00:00] main.INFO: Cron Job bulk_cleanup is run [] []
[2025-07-08T09:54:03.199157+00:00] main.INFO: Cron Job bulk_cleanup is successfully finished. Statistics: {"sum":0.00095987319946289,"count":1,"realmem":0,"emalloc":2360,"realmem_start":201850880,"emalloc_start":194572192} [] []
[2025-07-08T09:54:03.207042+00:00] main.INFO: Cron Job maxime_job_say_ok is run [] []
[2025-07-08T09:54:03.207427+00:00] main.INFO: Cron Job maxime_job_say_ok is successfully finished. Statistics: {"sum":0.00036787986755371,"count":1,"realmem":0,"emalloc":1008,"realmem_start":201850880,"emalloc_start":194577784} [] []
[2025-07-08T09:54:04.214833+00:00] main.INFO: Cron Job submit_payment_services_order_production_feed is run [] []
[2025-07-08T09:54:04.217410+00:00] main.INFO: Cron Job submit_payment_services_order_production_feed is successfully finished. Statistics: {"sum":0.0029928684234619,"count":1,"realmem":0,"emalloc":107464,"realmem_start":201850880,"emalloc_start":188260296} [] []
[2025-07-08T09:54:04.224176+00:00] main.INFO: Cron Job submit_payment_services_order_sandbox_feed is run [] []
[2025-07-08T09:54:04.224554+00:00] main.INFO: Cron Job submit_payment_services_order_sandbox_feed is successfully finished. Statistics: {"sum":0.00034713745117188,"count":1,"realmem":0,"emalloc":1072,"realmem_start":201850880,"emalloc_start":188368536} [] []
[2025-07-08T09:54:04.231254+00:00] main.INFO: Cron Job indexer_reindex_all_invalid is run [] []
[2025-07-08T09:54:04.232023+00:00] main.INFO: Cron Job submit_payment_services_order_status_production_feed is run [] []
[2025-07-08T09:54:04.232459+00:00] main.INFO: Cron Job submit_payment_services_order_status_production_feed is successfully finished. Statistics: {"sum":0.00041007995605469,"count":1,"realmem":0,"emalloc":1072,"realmem_start":201850880,"emalloc_start":188370048} [] []
[2025-07-08T09:54:04.239210+00:00] main.INFO: Cron Job submit_payment_services_order_status_sandbox_feed is run [] []
[2025-07-08T09:54:04.239596+00:00] main.INFO: Cron Job submit_payment_services_order_status_sandbox_feed is successfully finished. Statistics: {"sum":0.00035476684570312,"count":1,"realmem":0,"emalloc":1072,"realmem_start":201850880,"emalloc_start":188371448} [] []
[2025-07-08T09:54:04.245979+00:00] main.INFO: Cron Job submit_payment_services_store_production_feed is run [] []
[2025-07-08T09:54:04.246366+00:00] main.INFO: Cron Job submit_payment_services_store_production_feed is successfully finished. Statistics: {"sum":0.00036978721618652,"count":1,"realmem":0,"emalloc":1072,"realmem_start":201850880,"emalloc_start":188372960} [] []
[2025-07-08T09:54:04.253587+00:00] main.INFO: Cron Job submit_payment_services_store_sandbox_feed is run [] []
[2025-07-08T09:54:04.254008+00:00] main.INFO: Cron Job submit_payment_services_store_sandbox_feed is successfully finished. Statistics: {"sum":0.00041699409484863,"count":1,"realmem":0,"emalloc":1072,"realmem_start":201850880,"emalloc_start":188374360} [] []
[2025-07-08T09:54:04.257884+00:00] main.INFO: Cron Job indexer_reindex_all_invalid is successfully finished. Statistics: {"sum":0.027106046676636,"count":1,"realmem":0,"emalloc":1473280,"realmem_start":201850880,"emalloc_start":188022120} [] []
[2025-07-08T09:54:04.264169+00:00] main.INFO: Cron Job indexer_update_all_views is run [] []
[2025-07-08T09:54:04.363736+00:00] main.INFO: Cron Job consumers_runner is run [] []
[2025-07-08T09:54:04.378152+00:00] main.INFO: Cron Job indexer_update_all_views is successfully finished. Statistics: {"sum":0.11396789550781,"count":1,"realmem":0,"emalloc":6088416,"realmem_start":201850880,"emalloc_start":189497504} [] []
[2025-07-08T09:54:04.393260+00:00] main.INFO: Cron Job consumers_runner is successfully finished. Statistics: {"sum":0.02979302406311,"count":1,"realmem":0,"emalloc":901696,"realmem_start":201850880,"emalloc_start":188378768} [] []
[2025-07-08T09:55:02.407700+00:00] main.INFO: Cron Job outdated_authentication_failures_cleanup is run [] []
[2025-07-08T09:55:02.408625+00:00] main.INFO: Cron Job outdated_authentication_failures_cleanup is successfully finished. Statistics: {"sum":0.0012071132659912,"count":1,"realmem":0,"emalloc":14176,"realmem_start":201850880,"emalloc_start":188314544} [] []
[2025-07-08T09:55:02.415687+00:00] main.INFO: Cron Job catalog_product_outdated_price_values_cleanup is run [] []
[2025-07-08T09:55:02.415997+00:00] main.INFO: Cron Job catalog_product_outdated_price_values_cleanup is successfully finished. Statistics: {"sum":0.00029087066650391,"count":1,"realmem":0,"emalloc":1072,"realmem_start":201850880,"emalloc_start":188419000} [] []
[2025-07-08T09:55:02.423656+00:00] main.INFO: Cron Job catalog_product_frontend_actions_flush is run [] []
[2025-07-08T09:55:02.424815+00:00] main.INFO: Cron Job catalog_product_frontend_actions_flush is successfully finished. Statistics: {"sum":0.0011329650878906,"count":1,"realmem":0,"emalloc":1512,"realmem_start":201850880,"emalloc_start":188444272} [] []
[2025-07-08T09:55:02.438550+00:00] main.INFO: Cron Job catalog_product_attribute_value_synchronize is run [] []
[2025-07-08T09:55:02.439986+00:00] main.INFO: Cron Job catalog_product_attribute_value_synchronize is successfully finished. Statistics: {"sum":0.0014200210571289,"count":1,"realmem":0,"emalloc":20784,"realmem_start":201850880,"emalloc_start":188486440} [] []
[2025-07-08T09:55:02.450319+00:00] main.INFO: Cron Job sales_grid_order_async_insert is run [] []
[2025-07-08T09:55:02.450636+00:00] main.INFO: Cron Job sales_grid_order_async_insert is successfully finished. Statistics: {"sum":0.00030303001403809,"count":1,"realmem":0,"emalloc":1072,"realmem_start":201850880,"emalloc_start":188675152} [] []
[2025-07-08T09:55:02.457650+00:00] main.INFO: Cron Job sales_grid_order_invoice_async_insert is run [] []
[2025-07-08T09:55:02.457942+00:00] main.INFO: Cron Job sales_grid_order_invoice_async_insert is successfully finished. Statistics: {"sum":0.00027799606323242,"count":1,"realmem":0,"emalloc":1072,"realmem_start":201850880,"emalloc_start":188679648} [] []
[2025-07-08T09:55:02.465537+00:00] main.INFO: Cron Job sales_grid_order_shipment_async_insert is run [] []
[2025-07-08T09:55:02.465848+00:00] main.INFO: Cron Job sales_grid_order_shipment_async_insert is successfully finished. Statistics: {"sum":0.00032305717468262,"count":1,"realmem":0,"emalloc":1072,"realmem_start":201850880,"emalloc_start":188683296} [] []
[2025-07-08T09:55:02.472509+00:00] main.INFO: Cron Job sales_grid_order_creditmemo_async_insert is run [] []
[2025-07-08T09:55:02.472821+00:00] main.INFO: Cron Job sales_grid_order_creditmemo_async_insert is successfully finished. Statistics: {"sum":0.00029706954956055,"count":1,"realmem":0,"emalloc":1072,"realmem_start":201850880,"emalloc_start":188687072} [] []
[2025-07-08T09:55:02.518139+00:00] main.INFO: Cron Job sales_send_order_emails is run [] []
[2025-07-08T09:55:02.518459+00:00] main.INFO: Cron Job sales_send_order_emails is successfully finished. Statistics: {"sum":0.00030612945556641,"count":1,"realmem":0,"emalloc":1072,"realmem_start":201850880,"emalloc_start":191218848} [] []
[2025-07-08T09:55:02.533598+00:00] main.INFO: Cron Job sales_send_order_invoice_emails is run [] []
[2025-07-08T09:55:02.533924+00:00] main.INFO: Cron Job sales_send_order_invoice_emails is successfully finished. Statistics: {"sum":0.00029492378234863,"count":1,"realmem":0,"emalloc":1072,"realmem_start":201850880,"emalloc_start":191757440} [] []
[2025-07-08T09:55:02.553635+00:00] main.INFO: Cron Job sales_send_order_shipment_emails is run [] []
[2025-07-08T09:55:02.553933+00:00] main.INFO: Cron Job sales_send_order_shipment_emails is successfully finished. Statistics: {"sum":0.00028705596923828,"count":1,"realmem":0,"emalloc":1072,"realmem_start":201850880,"emalloc_start":192205528} [] []
[2025-07-08T09:55:02.569694+00:00] main.INFO: Cron Job sales_send_order_creditmemo_emails is run [] []
[2025-07-08T09:55:02.569968+00:00] main.INFO: Cron Job sales_send_order_creditmemo_emails is successfully finished. Statistics: {"sum":0.00025105476379395,"count":1,"realmem":0,"emalloc":1072,"realmem_start":201850880,"emalloc_start":192704744} [] []
[2025-07-08T09:55:02.576785+00:00] main.INFO: Cron Job newsletter_send_all is run [] []
[2025-07-08T09:55:02.590859+00:00] main.INFO: Cron Job newsletter_send_all is successfully finished. Statistics: {"sum":0.014046907424927,"count":1,"realmem":0,"emalloc":513624,"realmem_start":201850880,"emalloc_start":192667472} [] []
[2025-07-08T09:55:02.598851+00:00] main.INFO: Cron Job inventory_in_store_pickup_sales_send_order_notified_emails is run [] []
[2025-07-08T09:55:02.599297+00:00] main.INFO: Cron Job inventory_in_store_pickup_sales_send_order_notified_emails is successfully finished. Statistics: {"sum":0.00043010711669922,"count":1,"realmem":0,"emalloc":1072,"realmem_start":201850880,"emalloc_start":193233768} [] []
[2025-07-08T09:55:02.606169+00:00] main.INFO: Cron Job bulk_cleanup is run [] []
[2025-07-08T09:55:02.606849+00:00] main.INFO: Cron Job bulk_cleanup is successfully finished. Statistics: {"sum":0.00065708160400391,"count":1,"realmem":0,"emalloc":2360,"realmem_start":201850880,"emalloc_start":193239760} [] []
[2025-07-08T09:55:02.616682+00:00] main.INFO: Cron Job maxime_job_say_ok is run [] []
[2025-07-08T09:55:02.617043+00:00] main.INFO: Cron Job maxime_job_say_ok is successfully finished. Statistics: {"sum":0.00034594535827637,"count":1,"realmem":0,"emalloc":1008,"realmem_start":201850880,"emalloc_start":193245352} [] []
[2025-07-08T09:55:03.654125+00:00] main.INFO: Cron Job indexer_reindex_all_invalid is run [] []
[2025-07-08T09:55:03.685658+00:00] main.INFO: Cron Job indexer_reindex_all_invalid is successfully finished. Statistics: {"sum":0.031866073608398,"count":1,"realmem":0,"emalloc":1473280,"realmem_start":201850880,"emalloc_start":188016448} [] []
[2025-07-08T09:55:03.687607+00:00] main.INFO: Cron Job consumers_runner is run [] []
[2025-07-08T09:55:03.693172+00:00] main.INFO: Cron Job indexer_update_all_views is run [] []
[2025-07-08T09:55:03.713627+00:00] main.INFO: Cron Job consumers_runner is successfully finished. Statistics: {"sum":0.026355981826782,"count":1,"realmem":0,"emalloc":901696,"realmem_start":201850880,"emalloc_start":188377592} [] []
[2025-07-08T09:55:03.791638+00:00] main.INFO: Cron Job submit_payment_services_order_production_feed is run [] []
[2025-07-08T09:55:03.793957+00:00] main.INFO: Cron Job submit_payment_services_order_production_feed is successfully finished. Statistics: {"sum":0.0026650428771973,"count":1,"realmem":0,"emalloc":173000,"realmem_start":201850880,"emalloc_start":188184616} [] []
[2025-07-08T09:55:03.800547+00:00] main.INFO: Cron Job submit_payment_services_order_sandbox_feed is run [] []
[2025-07-08T09:55:03.800851+00:00] main.INFO: Cron Job submit_payment_services_order_sandbox_feed is successfully finished. Statistics: {"sum":0.00030803680419922,"count":1,"realmem":0,"emalloc":1072,"realmem_start":201850880,"emalloc_start":188358392} [] []
[2025-07-08T09:55:03.807431+00:00] main.INFO: Cron Job submit_payment_services_order_status_production_feed is run [] []
[2025-07-08T09:55:03.807714+00:00] main.INFO: Cron Job submit_payment_services_order_status_production_feed is successfully finished. Statistics: {"sum":0.00026988983154297,"count":1,"realmem":0,"emalloc":1072,"realmem_start":201850880,"emalloc_start":188359904} [] []
[2025-07-08T09:55:03.815143+00:00] main.INFO: Cron Job indexer_update_all_views is successfully finished. Statistics: {"sum":0.12193703651428,"count":1,"realmem":0,"emalloc":6088416,"realmem_start":201850880,"emalloc_start":189491832} [] []
[2025-07-08T09:55:03.820133+00:00] main.INFO: Cron Job submit_payment_services_order_status_sandbox_feed is run [] []
[2025-07-08T09:55:03.820470+00:00] main.INFO: Cron Job submit_payment_services_order_status_sandbox_feed is successfully finished. Statistics: {"sum":0.00032782554626465,"count":1,"realmem":0,"emalloc":1072,"realmem_start":201850880,"emalloc_start":188361304} [] []
[2025-07-08T09:55:03.827114+00:00] main.INFO: Cron Job submit_payment_services_store_production_feed is run [] []
[2025-07-08T09:55:03.827423+00:00] main.INFO: Cron Job submit_payment_services_store_production_feed is successfully finished. Statistics: {"sum":0.00029993057250977,"count":1,"realmem":0,"emalloc":1072,"realmem_start":201850880,"emalloc_start":188362816} [] []
[2025-07-08T09:55:03.833502+00:00] main.INFO: Cron Job submit_payment_services_store_sandbox_feed is run [] []
[2025-07-08T09:55:03.833815+00:00] main.INFO: Cron Job submit_payment_services_store_sandbox_feed is successfully finished. Statistics: {"sum":0.0003049373626709,"count":1,"realmem":0,"emalloc":1072,"realmem_start":201850880,"emalloc_start":188364216} [] []
[2025-07-08T09:56:02.844273+00:00] main.INFO: Cron Job outdated_authentication_failures_cleanup is run [] []
[2025-07-08T09:56:02.845275+00:00] main.INFO: Cron Job outdated_authentication_failures_cleanup is successfully finished. Statistics: {"sum":0.0013399124145508,"count":1,"realmem":0,"emalloc":14176,"realmem_start":201850880,"emalloc_start":188279080} [] []
[2025-07-08T09:56:02.853253+00:00] main.INFO: Cron Job catalog_product_outdated_price_values_cleanup is run [] []
[2025-07-08T09:56:02.853569+00:00] main.INFO: Cron Job catalog_product_outdated_price_values_cleanup is successfully finished. Statistics: {"sum":0.00028896331787109,"count":1,"realmem":0,"emalloc":1072,"realmem_start":201850880,"emalloc_start":188383536} [] []
[2025-07-08T09:56:02.861448+00:00] main.INFO: Cron Job catalog_product_frontend_actions_flush is run [] []
[2025-07-08T09:56:02.863077+00:00] main.INFO: Cron Job catalog_product_frontend_actions_flush is successfully finished. Statistics: {"sum":0.0015869140625,"count":1,"realmem":0,"emalloc":1512,"realmem_start":201850880,"emalloc_start":188408808} [] []
[2025-07-08T09:56:02.873210+00:00] main.INFO: Cron Job sales_grid_order_async_insert is run [] []
[2025-07-08T09:56:02.873546+00:00] main.INFO: Cron Job sales_grid_order_async_insert is successfully finished. Statistics: {"sum":0.00030803680419922,"count":1,"realmem":0,"emalloc":1072,"realmem_start":201850880,"emalloc_start":188578224} [] []
[2025-07-08T09:56:02.882236+00:00] main.INFO: Cron Job sales_grid_order_invoice_async_insert is run [] []
[2025-07-08T09:56:02.882555+00:00] main.INFO: Cron Job sales_grid_order_invoice_async_insert is successfully finished. Statistics: {"sum":0.00029301643371582,"count":1,"realmem":0,"emalloc":1072,"realmem_start":201850880,"emalloc_start":188582720} [] []
[2025-07-08T09:56:02.891586+00:00] main.INFO: Cron Job sales_grid_order_shipment_async_insert is run [] []
[2025-07-08T09:56:02.891907+00:00] main.INFO: Cron Job sales_grid_order_shipment_async_insert is successfully finished. Statistics: {"sum":0.00032210350036621,"count":1,"realmem":0,"emalloc":1072,"realmem_start":201850880,"emalloc_start":188586368} [] []
[2025-07-08T09:56:02.900017+00:00] main.INFO: Cron Job sales_grid_order_creditmemo_async_insert is run [] []
[2025-07-08T09:56:02.900320+00:00] main.INFO: Cron Job sales_grid_order_creditmemo_async_insert is successfully finished. Statistics: {"sum":0.00028800964355469,"count":1,"realmem":0,"emalloc":1072,"realmem_start":201850880,"emalloc_start":188590144} [] []
[2025-07-08T09:56:02.946506+00:00] main.INFO: Cron Job sales_send_order_emails is run [] []
[2025-07-08T09:56:02.946819+00:00] main.INFO: Cron Job sales_send_order_emails is successfully finished. Statistics: {"sum":0.00029993057250977,"count":1,"realmem":0,"emalloc":1072,"realmem_start":201850880,"emalloc_start":191121920} [] []
[2025-07-08T09:56:02.962832+00:00] main.INFO: Cron Job sales_send_order_invoice_emails is run [] []
[2025-07-08T09:56:02.963235+00:00] main.INFO: Cron Job sales_send_order_invoice_emails is successfully finished. Statistics: {"sum":0.00038790702819824,"count":1,"realmem":0,"emalloc":1072,"realmem_start":201850880,"emalloc_start":191594656} [] []
[2025-07-08T09:56:02.977212+00:00] main.INFO: Cron Job sales_send_order_shipment_emails is run [] []
[2025-07-08T09:56:02.977511+00:00] main.INFO: Cron Job sales_send_order_shipment_emails is successfully finished. Statistics: {"sum":0.00028491020202637,"count":1,"realmem":0,"emalloc":1072,"realmem_start":201850880,"emalloc_start":192088120} [] []
[2025-07-08T09:56:02.991106+00:00] main.INFO: Cron Job sales_send_order_creditmemo_emails is run [] []
[2025-07-08T09:56:02.991437+00:00] main.INFO: Cron Job sales_send_order_creditmemo_emails is successfully finished. Statistics: {"sum":0.00031900405883789,"count":1,"realmem":0,"emalloc":1072,"realmem_start":201850880,"emalloc_start":192542280} [] []
[2025-07-08T09:56:02.999683+00:00] main.INFO: Cron Job inventory_in_store_pickup_sales_send_order_notified_emails is run [] []
[2025-07-08T09:56:02.999988+00:00] main.INFO: Cron Job inventory_in_store_pickup_sales_send_order_notified_emails is successfully finished. Statistics: {"sum":0.0002899169921875,"count":1,"realmem":0,"emalloc":1072,"realmem_start":201850880,"emalloc_start":192616400} [] []
[2025-07-08T09:56:03.046509+00:00] main.INFO: Cron Job magento_newrelicreporting_cron is run [] []
[2025-07-08T09:56:03.046886+00:00] main.INFO: Cron Job magento_newrelicreporting_cron is successfully finished. Statistics: {"sum":0.00036382675170898,"count":1,"realmem":0,"emalloc":1072,"realmem_start":201850880,"emalloc_start":194512440} [] []
[2025-07-08T09:56:03.055106+00:00] main.INFO: Cron Job bulk_cleanup is run [] []
[2025-07-08T09:56:03.056103+00:00] main.INFO: Cron Job bulk_cleanup is successfully finished. Statistics: {"sum":0.00096797943115234,"count":1,"realmem":0,"emalloc":2360,"realmem_start":201850880,"emalloc_start":194518848} [] []
[2025-07-08T09:56:03.063810+00:00] main.INFO: Cron Job maxime_job_say_ok is run [] []
[2025-07-08T09:56:03.064214+00:00] main.INFO: Cron Job maxime_job_say_ok is successfully finished. Statistics: {"sum":0.00039100646972656,"count":1,"realmem":0,"emalloc":1008,"realmem_start":201850880,"emalloc_start":194524440} [] []
[2025-07-08T09:56:04.035786+00:00] main.INFO: Cron Job indexer_reindex_all_invalid is run [] []
[2025-07-08T09:56:04.044936+00:00] main.INFO: Cron Job consumers_runner is run [] []
[2025-07-08T09:56:04.059635+00:00] main.INFO: Cron Job indexer_reindex_all_invalid is successfully finished. Statistics: {"sum":0.024139881134033,"count":1,"realmem":0,"emalloc":1473280,"realmem_start":201850880,"emalloc_start":188022120} [] []
[2025-07-08T09:56:04.065893+00:00] main.INFO: Cron Job indexer_update_all_views is run [] []
[2025-07-08T09:56:04.068691+00:00] main.INFO: Cron Job consumers_runner is successfully finished. Statistics: {"sum":0.023991107940674,"count":1,"realmem":0,"emalloc":901696,"realmem_start":201850880,"emalloc_start":188375136} [] []
[2025-07-08T09:56:04.101368+00:00] main.INFO: Cron Job submit_payment_services_order_production_feed is run [] []
[2025-07-08T09:56:04.103446+00:00] main.INFO: Cron Job submit_payment_services_order_production_feed is successfully finished. Statistics: {"sum":0.0023791790008545,"count":1,"realmem":0,"emalloc":107464,"realmem_start":201850880,"emalloc_start":188260296} [] []
[2025-07-08T09:56:04.111129+00:00] main.INFO: Cron Job submit_payment_services_order_sandbox_feed is run [] []
[2025-07-08T09:56:04.111423+00:00] main.INFO: Cron Job submit_payment_services_order_sandbox_feed is successfully finished. Statistics: {"sum":0.00028395652770996,"count":1,"realmem":0,"emalloc":1072,"realmem_start":201850880,"emalloc_start":188368536} [] []
[2025-07-08T09:56:04.117748+00:00] main.INFO: Cron Job submit_payment_services_order_status_production_feed is run [] []
[2025-07-08T09:56:04.118038+00:00] main.INFO: Cron Job submit_payment_services_order_status_production_feed is successfully finished. Statistics: {"sum":0.00027990341186523,"count":1,"realmem":0,"emalloc":1072,"realmem_start":201850880,"emalloc_start":188370048} [] []
[2025-07-08T09:56:04.124058+00:00] main.INFO: Cron Job submit_payment_services_order_status_sandbox_feed is run [] []
[2025-07-08T09:56:04.124333+00:00] main.INFO: Cron Job submit_payment_services_order_status_sandbox_feed is successfully finished. Statistics: {"sum":0.00026082992553711,"count":1,"realmem":0,"emalloc":1072,"realmem_start":201850880,"emalloc_start":188371448} [] []
[2025-07-08T09:56:04.130277+00:00] main.INFO: Cron Job submit_payment_services_store_production_feed is run [] []
[2025-07-08T09:56:04.130634+00:00] main.INFO: Cron Job submit_payment_services_store_production_feed is successfully finished. Statistics: {"sum":0.00034093856811523,"count":1,"realmem":0,"emalloc":1072,"realmem_start":201850880,"emalloc_start":188372960} [] []
[2025-07-08T09:56:04.137043+00:00] main.INFO: Cron Job submit_payment_services_store_sandbox_feed is run [] []
[2025-07-08T09:56:04.137373+00:00] main.INFO: Cron Job submit_payment_services_store_sandbox_feed is successfully finished. Statistics: {"sum":0.00030398368835449,"count":1,"realmem":0,"emalloc":1072,"realmem_start":201850880,"emalloc_start":188374360} [] []
[2025-07-08T09:56:04.177423+00:00] main.INFO: Cron Job indexer_update_all_views is successfully finished. Statistics: {"sum":0.11151504516602,"count":1,"realmem":0,"emalloc":6088416,"realmem_start":201850880,"emalloc_start":189497504} [] []
