[2025-07-08T08:58:58.894018+00:00] main.CRITICAL: PDOException: SQLSTATE[42S22]: Column not found: 1054 Unknown column 'department.name' in 'SELECT' in /var/www/html/vendor/magento/framework/DB/Statement/Pdo/Mysql.php:90
Stack trace:
#0 /var/www/html/vendor/magento/framework/DB/Statement/Pdo/Mysql.php(90): PDOStatement->execute()
#1 /var/www/html/vendor/magento/framework/DB/Statement/Pdo/Mysql.php(106): Magento\Framework\DB\Statement\Pdo\Mysql->Magento\Framework\DB\Statement\Pdo\{closure}()
#2 /var/www/html/vendor/magento/framework/DB/Statement/Pdo/Mysql.php(89): Magento\Framework\DB\Statement\Pdo\Mysql->tryExecute(Object(Closure))
#3 /var/www/html/vendor/magento/zend-db/library/Zend/Db/Statement.php(313): Magento\Framework\DB\Statement\Pdo\Mysql->_execute(Array)
#4 /var/www/html/vendor/magento/zend-db/library/Zend/Db/Adapter/Abstract.php(480): Zend_Db_Statement->execute(Array)
#5 /var/www/html/vendor/magento/zend-db/library/Zend/Db/Adapter/Pdo/Abstract.php(242): Zend_Db_Adapter_Abstract->query('SELECT `main_ta...', Array)
#6 /var/www/html/vendor/magento/framework/DB/Adapter/Pdo/Mysql.php(614): Zend_Db_Adapter_Pdo_Abstract->query('SELECT `main_ta...', Array)
#7 /var/www/html/vendor/magento/framework/DB/Adapter/Pdo/Mysql.php(639): Magento\Framework\DB\Adapter\Pdo\Mysql->Magento\Framework\DB\Adapter\Pdo\{closure}()
#8 /var/www/html/vendor/magento/framework/DB/Adapter/Pdo/Mysql.php(614): Magento\Framework\DB\Adapter\Pdo\Mysql->performQuery(Object(Closure))
#9 /var/www/html/vendor/magento/framework/DB/Adapter/Pdo/Mysql.php(703): Magento\Framework\DB\Adapter\Pdo\Mysql->_query('SELECT `main_ta...', Array)
#10 /var/www/html/vendor/magento/zend-db/library/Zend/Db/Adapter/Abstract.php(737): Magento\Framework\DB\Adapter\Pdo\Mysql->query(Object(Magento\Framework\DB\Select), Array)
#11 /var/www/html/vendor/magento/framework/Data/Collection/Db/FetchStrategy/Query.php(21): Zend_Db_Adapter_Abstract->fetchAll(Object(Magento\Framework\DB\Select), Array)
#12 /var/www/html/vendor/magento/framework/Data/Collection/AbstractDb.php(1011): Magento\Framework\Data\Collection\Db\FetchStrategy\Query->fetchAll(Object(Magento\Framework\DB\Select), Array)
#13 /var/www/html/vendor/magento/framework/Data/Collection/AbstractDb.php(900): Magento\Framework\Data\Collection\AbstractDb->_fetchAll(Object(Magento\Framework\DB\Select))
#14 /var/www/html/vendor/magento/framework/Data/Collection/AbstractDb.php(793): Magento\Framework\Data\Collection\AbstractDb->getData()
#15 /var/www/html/vendor/magento/framework/Data/Collection/AbstractDb.php(777): Magento\Framework\Data\Collection\AbstractDb->loadWithFilter(false, false)
#16 /var/www/html/app/code/Maxime/Job/Ui/DataProvider/Job/JobGridDataProvider.php(32): Magento\Framework\Data\Collection\AbstractDb->load()
#17 /var/www/html/vendor/magento/module-ui/Component/Listing.php(38): Maxime\Job\Ui\DataProvider\Job\JobGridDataProvider->getData()
#18 /var/www/html/vendor/magento/framework/View/Element/UiComponent/Context.php(250): Magento\Ui\Component\Listing->getDataSourceData()
#19 /var/www/html/vendor/magento/framework/View/Layout/Generic.php(75): Magento\Framework\View\Element\UiComponent\Context->getDataSourceData(Object(Magento\Ui\Component\Listing))
#20 /var/www/html/vendor/magento/framework/View/Layout/Generator/Structure.php(46): Magento\Framework\View\Layout\Generic->build(Object(Magento\Ui\Component\Listing))
#21 /var/www/html/vendor/magento/module-ui/TemplateEngine/Xhtml/Result.php(102): Magento\Framework\View\Layout\Generator\Structure->generate(Object(Magento\Ui\Component\Listing))
#22 /var/www/html/vendor/magento/module-ui/TemplateEngine/Xhtml/Result.php(124): Magento\Ui\TemplateEngine\Xhtml\Result->appendLayoutConfiguration()
#23 /var/www/html/vendor/magento/module-ui/Component/Wrapper/UiComponent.php(73): Magento\Ui\TemplateEngine\Xhtml\Result->__toString()
#24 /var/www/html/vendor/magento/framework/View/Element/AbstractBlock.php(1128): Magento\Ui\Component\Wrapper\UiComponent->_toHtml()
#25 /var/www/html/vendor/magento/framework/View/Element/AbstractBlock.php(1132): Magento\Framework\View\Element\AbstractBlock->Magento\Framework\View\Element\{closure}()
#26 /var/www/html/vendor/magento/framework/View/Element/AbstractBlock.php(676): Magento\Framework\View\Element\AbstractBlock->_loadCache()
#27 /var/www/html/vendor/magento/framework/View/Layout.php(591): Magento\Framework\View\Element\AbstractBlock->toHtml()
#28 /var/www/html/vendor/magento/framework/View/Layout.php(553): Magento\Framework\View\Layout->_renderUiComponent('job_job_listing')
#29 /var/www/html/vendor/magento/framework/View/Layout.php(510): Magento\Framework\View\Layout->renderNonCachedElement('job_job_listing')
#30 /var/www/html/vendor/magento/framework/View/Layout.php(606): Magento\Framework\View\Layout->renderElement('job_job_listing', false)
#31 /var/www/html/vendor/magento/framework/View/Layout.php(557): Magento\Framework\View\Layout->_renderContainer('content', false)
#32 /var/www/html/vendor/magento/framework/View/Layout.php(510): Magento\Framework\View\Layout->renderNonCachedElement('content')
#33 /var/www/html/vendor/magento/framework/View/Layout.php(606): Magento\Framework\View\Layout->renderElement('content', false)
#34 /var/www/html/vendor/magento/framework/View/Layout.php(557): Magento\Framework\View\Layout->_renderContainer('main.col', false)
#35 /var/www/html/vendor/magento/framework/View/Layout.php(510): Magento\Framework\View\Layout->renderNonCachedElement('main.col')
#36 /var/www/html/vendor/magento/framework/View/Layout.php(606): Magento\Framework\View\Layout->renderElement('main.col', false)
#37 /var/www/html/vendor/magento/framework/View/Layout.php(557): Magento\Framework\View\Layout->_renderContainer('admin.scope.col...', false)
#38 /var/www/html/vendor/magento/framework/View/Layout.php(510): Magento\Framework\View\Layout->renderNonCachedElement('admin.scope.col...')
#39 /var/www/html/vendor/magento/framework/View/Layout.php(606): Magento\Framework\View\Layout->renderElement('admin.scope.col...', false)
#40 /var/www/html/vendor/magento/framework/View/Layout.php(557): Magento\Framework\View\Layout->_renderContainer('page.main.conta...', false)
#41 /var/www/html/vendor/magento/framework/View/Layout.php(510): Magento\Framework\View\Layout->renderNonCachedElement('page.main.conta...')
#42 /var/www/html/vendor/magento/framework/View/Layout.php(606): Magento\Framework\View\Layout->renderElement('page.main.conta...', false)
#43 /var/www/html/vendor/magento/framework/View/Layout.php(557): Magento\Framework\View\Layout->_renderContainer('page.content', false)
#44 /var/www/html/vendor/magento/framework/View/Layout.php(510): Magento\Framework\View\Layout->renderNonCachedElement('page.content')
#45 /var/www/html/vendor/magento/framework/View/Layout.php(606): Magento\Framework\View\Layout->renderElement('page.content', false)
#46 /var/www/html/vendor/magento/framework/View/Layout.php(557): Magento\Framework\View\Layout->_renderContainer('page.wrapper', false)
#47 /var/www/html/vendor/magento/framework/View/Layout.php(510): Magento\Framework\View\Layout->renderNonCachedElement('page.wrapper')
#48 /var/www/html/vendor/magento/framework/View/Layout.php(606): Magento\Framework\View\Layout->renderElement('page.wrapper', false)
#49 /var/www/html/vendor/magento/framework/View/Layout.php(557): Magento\Framework\View\Layout->_renderContainer('backend.page', false)
#50 /var/www/html/vendor/magento/framework/View/Layout.php(510): Magento\Framework\View\Layout->renderNonCachedElement('backend.page')
#51 /var/www/html/vendor/magento/framework/View/Layout.php(606): Magento\Framework\View\Layout->renderElement('backend.page', false)
#52 /var/www/html/vendor/magento/framework/View/Layout.php(557): Magento\Framework\View\Layout->_renderContainer('root', false)
#53 /var/www/html/vendor/magento/framework/View/Layout.php(510): Magento\Framework\View\Layout->renderNonCachedElement('root')
#54 /var/www/html/vendor/magento/framework/View/Layout.php(975): Magento\Framework\View\Layout->renderElement('root')
#55 /var/www/html/generated/code/Magento/Framework/View/Layout/Interceptor.php(41): Magento\Framework\View\Layout->getOutput()
#56 /var/www/html/vendor/magento/framework/View/Result/Page.php(260): Magento\Framework\View\Layout\Interceptor->getOutput()
#57 /var/www/html/vendor/magento/framework/View/Result/Layout.php(171): Magento\Framework\View\Result\Page->render(Object(Magento\Framework\App\Response\Http\Interceptor))
#58 /var/www/html/generated/code/Magento/Backend/Model/View/Result/Page/Interceptor.php(32): Magento\Framework\View\Result\Layout->renderResult(Object(Magento\Framework\App\Response\Http\Interceptor))
#59 /var/www/html/vendor/magento/framework/App/Http.php(120): Magento\Backend\Model\View\Result\Page\Interceptor->renderResult(Object(Magento\Framework\App\Response\Http\Interceptor))
#60 /var/www/html/vendor/magento/framework/Interception/Interceptor.php(58): Magento\Framework\App\Http->launch()
#61 /var/www/html/vendor/magento/framework/Interception/Interceptor.php(138): Magento\Framework\App\Http\Interceptor->___callParent('launch', Array)
#62 /var/www/html/vendor/magento/module-application-performance-monitor/Plugin/ApplicationPerformanceMonitor.php(38): Magento\Framework\App\Http\Interceptor->Magento\Framework\Interception\{closure}()
#63 /var/www/html/vendor/magento/framework/Interception/Interceptor.php(135): Magento\ApplicationPerformanceMonitor\Plugin\ApplicationPerformanceMonitor->aroundLaunch(Object(Magento\Framework\App\Http\Interceptor), Object(Closure))
#64 /var/www/html/vendor/magento/framework/Interception/Interceptor.php(153): Magento\Framework\App\Http\Interceptor->Magento\Framework\Interception\{closure}()
#65 /var/www/html/generated/code/Magento/Framework/App/Http/Interceptor.php(23): Magento\Framework\App\Http\Interceptor->___callPlugins('launch', Array, NULL)
#66 /var/www/html/vendor/magento/framework/App/Bootstrap.php(264): Magento\Framework\App\Http\Interceptor->launch()
#67 /var/www/html/pub/index.php(30): Magento\Framework\App\Bootstrap->run(Object(Magento\Framework\App\Http\Interceptor))
#68 {main}

Next Zend_Db_Statement_Exception: SQLSTATE[42S22]: Column not found: 1054 Unknown column 'department.name' in 'SELECT', query was: SELECT `main_table`.*, `d`.`department_name`, `department`.`name` AS `department_name` FROM `maxime_job` AS `main_table`
 LEFT JOIN `maxime_department` AS `d` ON main_table.department_id = d.department_id
 INNER JOIN `maxime_department` AS `department` ON main_table.department_id = department.department_id LIMIT 20 in /var/www/html/vendor/magento/framework/DB/Statement/Pdo/Mysql.php:109
Stack trace:
#0 /var/www/html/vendor/magento/framework/DB/Statement/Pdo/Mysql.php(89): Magento\Framework\DB\Statement\Pdo\Mysql->tryExecute(Object(Closure))
#1 /var/www/html/vendor/magento/zend-db/library/Zend/Db/Statement.php(313): Magento\Framework\DB\Statement\Pdo\Mysql->_execute(Array)
#2 /var/www/html/vendor/magento/zend-db/library/Zend/Db/Adapter/Abstract.php(480): Zend_Db_Statement->execute(Array)
#3 /var/www/html/vendor/magento/zend-db/library/Zend/Db/Adapter/Pdo/Abstract.php(242): Zend_Db_Adapter_Abstract->query('SELECT `main_ta...', Array)
#4 /var/www/html/vendor/magento/framework/DB/Adapter/Pdo/Mysql.php(614): Zend_Db_Adapter_Pdo_Abstract->query('SELECT `main_ta...', Array)
#5 /var/www/html/vendor/magento/framework/DB/Adapter/Pdo/Mysql.php(639): Magento\Framework\DB\Adapter\Pdo\Mysql->Magento\Framework\DB\Adapter\Pdo\{closure}()
#6 /var/www/html/vendor/magento/framework/DB/Adapter/Pdo/Mysql.php(614): Magento\Framework\DB\Adapter\Pdo\Mysql->performQuery(Object(Closure))
#7 /var/www/html/vendor/magento/framework/DB/Adapter/Pdo/Mysql.php(703): Magento\Framework\DB\Adapter\Pdo\Mysql->_query('SELECT `main_ta...', Array)
#8 /var/www/html/vendor/magento/zend-db/library/Zend/Db/Adapter/Abstract.php(737): Magento\Framework\DB\Adapter\Pdo\Mysql->query(Object(Magento\Framework\DB\Select), Array)
#9 /var/www/html/vendor/magento/framework/Data/Collection/Db/FetchStrategy/Query.php(21): Zend_Db_Adapter_Abstract->fetchAll(Object(Magento\Framework\DB\Select), Array)
#10 /var/www/html/vendor/magento/framework/Data/Collection/AbstractDb.php(1011): Magento\Framework\Data\Collection\Db\FetchStrategy\Query->fetchAll(Object(Magento\Framework\DB\Select), Array)
#11 /var/www/html/vendor/magento/framework/Data/Collection/AbstractDb.php(900): Magento\Framework\Data\Collection\AbstractDb->_fetchAll(Object(Magento\Framework\DB\Select))
#12 /var/www/html/vendor/magento/framework/Data/Collection/AbstractDb.php(793): Magento\Framework\Data\Collection\AbstractDb->getData()
#13 /var/www/html/vendor/magento/framework/Data/Collection/AbstractDb.php(777): Magento\Framework\Data\Collection\AbstractDb->loadWithFilter(false, false)
#14 /var/www/html/app/code/Maxime/Job/Ui/DataProvider/Job/JobGridDataProvider.php(32): Magento\Framework\Data\Collection\AbstractDb->load()
#15 /var/www/html/vendor/magento/module-ui/Component/Listing.php(38): Maxime\Job\Ui\DataProvider\Job\JobGridDataProvider->getData()
#16 /var/www/html/vendor/magento/framework/View/Element/UiComponent/Context.php(250): Magento\Ui\Component\Listing->getDataSourceData()
#17 /var/www/html/vendor/magento/framework/View/Layout/Generic.php(75): Magento\Framework\View\Element\UiComponent\Context->getDataSourceData(Object(Magento\Ui\Component\Listing))
#18 /var/www/html/vendor/magento/framework/View/Layout/Generator/Structure.php(46): Magento\Framework\View\Layout\Generic->build(Object(Magento\Ui\Component\Listing))
#19 /var/www/html/vendor/magento/module-ui/TemplateEngine/Xhtml/Result.php(102): Magento\Framework\View\Layout\Generator\Structure->generate(Object(Magento\Ui\Component\Listing))
#20 /var/www/html/vendor/magento/module-ui/TemplateEngine/Xhtml/Result.php(124): Magento\Ui\TemplateEngine\Xhtml\Result->appendLayoutConfiguration()
#21 /var/www/html/vendor/magento/module-ui/Component/Wrapper/UiComponent.php(73): Magento\Ui\TemplateEngine\Xhtml\Result->__toString()
#22 /var/www/html/vendor/magento/framework/View/Element/AbstractBlock.php(1128): Magento\Ui\Component\Wrapper\UiComponent->_toHtml()
#23 /var/www/html/vendor/magento/framework/View/Element/AbstractBlock.php(1132): Magento\Framework\View\Element\AbstractBlock->Magento\Framework\View\Element\{closure}()
#24 /var/www/html/vendor/magento/framework/View/Element/AbstractBlock.php(676): Magento\Framework\View\Element\AbstractBlock->_loadCache()
#25 /var/www/html/vendor/magento/framework/View/Layout.php(591): Magento\Framework\View\Element\AbstractBlock->toHtml()
#26 /var/www/html/vendor/magento/framework/View/Layout.php(553): Magento\Framework\View\Layout->_renderUiComponent('job_job_listing')
#27 /var/www/html/vendor/magento/framework/View/Layout.php(510): Magento\Framework\View\Layout->renderNonCachedElement('job_job_listing')
#28 /var/www/html/vendor/magento/framework/View/Layout.php(606): Magento\Framework\View\Layout->renderElement('job_job_listing', false)
#29 /var/www/html/vendor/magento/framework/View/Layout.php(557): Magento\Framework\View\Layout->_renderContainer('content', false)
#30 /var/www/html/vendor/magento/framework/View/Layout.php(510): Magento\Framework\View\Layout->renderNonCachedElement('content')
#31 /var/www/html/vendor/magento/framework/View/Layout.php(606): Magento\Framework\View\Layout->renderElement('content', false)
#32 /var/www/html/vendor/magento/framework/View/Layout.php(557): Magento\Framework\View\Layout->_renderContainer('main.col', false)
#33 /var/www/html/vendor/magento/framework/View/Layout.php(510): Magento\Framework\View\Layout->renderNonCachedElement('main.col')
#34 /var/www/html/vendor/magento/framework/View/Layout.php(606): Magento\Framework\View\Layout->renderElement('main.col', false)
#35 /var/www/html/vendor/magento/framework/View/Layout.php(557): Magento\Framework\View\Layout->_renderContainer('admin.scope.col...', false)
#36 /var/www/html/vendor/magento/framework/View/Layout.php(510): Magento\Framework\View\Layout->renderNonCachedElement('admin.scope.col...')
#37 /var/www/html/vendor/magento/framework/View/Layout.php(606): Magento\Framework\View\Layout->renderElement('admin.scope.col...', false)
#38 /var/www/html/vendor/magento/framework/View/Layout.php(557): Magento\Framework\View\Layout->_renderContainer('page.main.conta...', false)
#39 /var/www/html/vendor/magento/framework/View/Layout.php(510): Magento\Framework\View\Layout->renderNonCachedElement('page.main.conta...')
#40 /var/www/html/vendor/magento/framework/View/Layout.php(606): Magento\Framework\View\Layout->renderElement('page.main.conta...', false)
#41 /var/www/html/vendor/magento/framework/View/Layout.php(557): Magento\Framework\View\Layout->_renderContainer('page.content', false)
#42 /var/www/html/vendor/magento/framework/View/Layout.php(510): Magento\Framework\View\Layout->renderNonCachedElement('page.content')
#43 /var/www/html/vendor/magento/framework/View/Layout.php(606): Magento\Framework\View\Layout->renderElement('page.content', false)
#44 /var/www/html/vendor/magento/framework/View/Layout.php(557): Magento\Framework\View\Layout->_renderContainer('page.wrapper', false)
#45 /var/www/html/vendor/magento/framework/View/Layout.php(510): Magento\Framework\View\Layout->renderNonCachedElement('page.wrapper')
#46 /var/www/html/vendor/magento/framework/View/Layout.php(606): Magento\Framework\View\Layout->renderElement('page.wrapper', false)
#47 /var/www/html/vendor/magento/framework/View/Layout.php(557): Magento\Framework\View\Layout->_renderContainer('backend.page', false)
#48 /var/www/html/vendor/magento/framework/View/Layout.php(510): Magento\Framework\View\Layout->renderNonCachedElement('backend.page')
#49 /var/www/html/vendor/magento/framework/View/Layout.php(606): Magento\Framework\View\Layout->renderElement('backend.page', false)
#50 /var/www/html/vendor/magento/framework/View/Layout.php(557): Magento\Framework\View\Layout->_renderContainer('root', false)
#51 /var/www/html/vendor/magento/framework/View/Layout.php(510): Magento\Framework\View\Layout->renderNonCachedElement('root')
#52 /var/www/html/vendor/magento/framework/View/Layout.php(975): Magento\Framework\View\Layout->renderElement('root')
#53 /var/www/html/generated/code/Magento/Framework/View/Layout/Interceptor.php(41): Magento\Framework\View\Layout->getOutput()
#54 /var/www/html/vendor/magento/framework/View/Result/Page.php(260): Magento\Framework\View\Layout\Interceptor->getOutput()
#55 /var/www/html/vendor/magento/framework/View/Result/Layout.php(171): Magento\Framework\View\Result\Page->render(Object(Magento\Framework\App\Response\Http\Interceptor))
#56 /var/www/html/generated/code/Magento/Backend/Model/View/Result/Page/Interceptor.php(32): Magento\Framework\View\Result\Layout->renderResult(Object(Magento\Framework\App\Response\Http\Interceptor))
#57 /var/www/html/vendor/magento/framework/App/Http.php(120): Magento\Backend\Model\View\Result\Page\Interceptor->renderResult(Object(Magento\Framework\App\Response\Http\Interceptor))
#58 /var/www/html/vendor/magento/framework/Interception/Interceptor.php(58): Magento\Framework\App\Http->launch()
#59 /var/www/html/vendor/magento/framework/Interception/Interceptor.php(138): Magento\Framework\App\Http\Interceptor->___callParent('launch', Array)
#60 /var/www/html/vendor/magento/module-application-performance-monitor/Plugin/ApplicationPerformanceMonitor.php(38): Magento\Framework\App\Http\Interceptor->Magento\Framework\Interception\{closure}()
#61 /var/www/html/vendor/magento/framework/Interception/Interceptor.php(135): Magento\ApplicationPerformanceMonitor\Plugin\ApplicationPerformanceMonitor->aroundLaunch(Object(Magento\Framework\App\Http\Interceptor), Object(Closure))
#62 /var/www/html/vendor/magento/framework/Interception/Interceptor.php(153): Magento\Framework\App\Http\Interceptor->Magento\Framework\Interception\{closure}()
#63 /var/www/html/generated/code/Magento/Framework/App/Http/Interceptor.php(23): Magento\Framework\App\Http\Interceptor->___callPlugins('launch', Array, NULL)
#64 /var/www/html/vendor/magento/framework/App/Bootstrap.php(264): Magento\Framework\App\Http\Interceptor->launch()
#65 /var/www/html/pub/index.php(30): Magento\Framework\App\Bootstrap->run(Object(Magento\Framework\App\Http\Interceptor))
#66 {main} {"exception":"[object] (Zend_Db_Statement_Exception(code: 42): SQLSTATE[42S22]: Column not found: 1054 Unknown column 'department.name' in 'SELECT', query was: SELECT `main_table`.*, `d`.`department_name`, `department`.`name` AS `department_name` FROM `maxime_job` AS `main_table`
 LEFT JOIN `maxime_department` AS `d` ON main_table.department_id = d.department_id
 INNER JOIN `maxime_department` AS `department` ON main_table.department_id = department.department_id LIMIT 20 at /var/www/html/vendor/magento/framework/DB/Statement/Pdo/Mysql.php:109)
[previous exception] [object] (PDOException(code: 42S22): SQLSTATE[42S22]: Column not found: 1054 Unknown column 'department.name' in 'SELECT' at /var/www/html/vendor/magento/framework/DB/Statement/Pdo/Mysql.php:90)"} []
[2025-07-08T09:00:45.038798+00:00] main.CRITICAL: Zend_Db_Select_Exception: You cannot define a correlation name 'd' more than once in /var/www/html/vendor/magento/zend-db/library/Zend/Db/Select.php:833
Stack trace:
#0 /var/www/html/vendor/magento/framework/DB/Select.php(306): Zend_Db_Select->_join('left join', Array, 'main_table.depa...', Array, NULL)
#1 /var/www/html/vendor/magento/zend-db/library/Zend/Db/Select.php(378): Magento\Framework\DB\Select->_join('left join', Array, 'main_table.depa...', Array, NULL)
#2 /var/www/html/app/code/Maxime/Job/Ui/DataProvider/Job/JobGridDataProvider.php(27): Zend_Db_Select->joinLeft(Array, 'main_table.depa...', Array)
#3 /var/www/html/vendor/magento/module-ui/Component/Listing.php(38): Maxime\Job\Ui\DataProvider\Job\JobGridDataProvider->getData()
#4 /var/www/html/vendor/magento/framework/View/Element/UiComponent/Context.php(250): Magento\Ui\Component\Listing->getDataSourceData()
#5 /var/www/html/vendor/magento/framework/View/Layout/Generic.php(75): Magento\Framework\View\Element\UiComponent\Context->getDataSourceData(Object(Magento\Ui\Component\Listing))
#6 /var/www/html/vendor/magento/framework/View/Layout/Generator/Structure.php(46): Magento\Framework\View\Layout\Generic->build(Object(Magento\Ui\Component\Listing))
#7 /var/www/html/vendor/magento/module-ui/TemplateEngine/Xhtml/Result.php(102): Magento\Framework\View\Layout\Generator\Structure->generate(Object(Magento\Ui\Component\Listing))
#8 /var/www/html/vendor/magento/module-ui/TemplateEngine/Xhtml/Result.php(124): Magento\Ui\TemplateEngine\Xhtml\Result->appendLayoutConfiguration()
#9 /var/www/html/vendor/magento/module-ui/Component/Wrapper/UiComponent.php(73): Magento\Ui\TemplateEngine\Xhtml\Result->__toString()
#10 /var/www/html/vendor/magento/framework/View/Element/AbstractBlock.php(1128): Magento\Ui\Component\Wrapper\UiComponent->_toHtml()
#11 /var/www/html/vendor/magento/framework/View/Element/AbstractBlock.php(1132): Magento\Framework\View\Element\AbstractBlock->Magento\Framework\View\Element\{closure}()
#12 /var/www/html/vendor/magento/framework/View/Element/AbstractBlock.php(676): Magento\Framework\View\Element\AbstractBlock->_loadCache()
#13 /var/www/html/vendor/magento/framework/View/Layout.php(591): Magento\Framework\View\Element\AbstractBlock->toHtml()
#14 /var/www/html/vendor/magento/framework/View/Layout.php(553): Magento\Framework\View\Layout->_renderUiComponent('job_job_listing')
#15 /var/www/html/vendor/magento/framework/View/Layout.php(510): Magento\Framework\View\Layout->renderNonCachedElement('job_job_listing')
#16 /var/www/html/vendor/magento/framework/View/Layout.php(606): Magento\Framework\View\Layout->renderElement('job_job_listing', false)
#17 /var/www/html/vendor/magento/framework/View/Layout.php(557): Magento\Framework\View\Layout->_renderContainer('content', false)
#18 /var/www/html/vendor/magento/framework/View/Layout.php(510): Magento\Framework\View\Layout->renderNonCachedElement('content')
#19 /var/www/html/vendor/magento/framework/View/Layout.php(606): Magento\Framework\View\Layout->renderElement('content', false)
#20 /var/www/html/vendor/magento/framework/View/Layout.php(557): Magento\Framework\View\Layout->_renderContainer('main.col', false)
#21 /var/www/html/vendor/magento/framework/View/Layout.php(510): Magento\Framework\View\Layout->renderNonCachedElement('main.col')
#22 /var/www/html/vendor/magento/framework/View/Layout.php(606): Magento\Framework\View\Layout->renderElement('main.col', false)
#23 /var/www/html/vendor/magento/framework/View/Layout.php(557): Magento\Framework\View\Layout->_renderContainer('admin.scope.col...', false)
#24 /var/www/html/vendor/magento/framework/View/Layout.php(510): Magento\Framework\View\Layout->renderNonCachedElement('admin.scope.col...')
#25 /var/www/html/vendor/magento/framework/View/Layout.php(606): Magento\Framework\View\Layout->renderElement('admin.scope.col...', false)
#26 /var/www/html/vendor/magento/framework/View/Layout.php(557): Magento\Framework\View\Layout->_renderContainer('page.main.conta...', false)
#27 /var/www/html/vendor/magento/framework/View/Layout.php(510): Magento\Framework\View\Layout->renderNonCachedElement('page.main.conta...')
#28 /var/www/html/vendor/magento/framework/View/Layout.php(606): Magento\Framework\View\Layout->renderElement('page.main.conta...', false)
#29 /var/www/html/vendor/magento/framework/View/Layout.php(557): Magento\Framework\View\Layout->_renderContainer('page.content', false)
#30 /var/www/html/vendor/magento/framework/View/Layout.php(510): Magento\Framework\View\Layout->renderNonCachedElement('page.content')
#31 /var/www/html/vendor/magento/framework/View/Layout.php(606): Magento\Framework\View\Layout->renderElement('page.content', false)
#32 /var/www/html/vendor/magento/framework/View/Layout.php(557): Magento\Framework\View\Layout->_renderContainer('page.wrapper', false)
#33 /var/www/html/vendor/magento/framework/View/Layout.php(510): Magento\Framework\View\Layout->renderNonCachedElement('page.wrapper')
#34 /var/www/html/vendor/magento/framework/View/Layout.php(606): Magento\Framework\View\Layout->renderElement('page.wrapper', false)
#35 /var/www/html/vendor/magento/framework/View/Layout.php(557): Magento\Framework\View\Layout->_renderContainer('backend.page', false)
#36 /var/www/html/vendor/magento/framework/View/Layout.php(510): Magento\Framework\View\Layout->renderNonCachedElement('backend.page')
#37 /var/www/html/vendor/magento/framework/View/Layout.php(606): Magento\Framework\View\Layout->renderElement('backend.page', false)
#38 /var/www/html/vendor/magento/framework/View/Layout.php(557): Magento\Framework\View\Layout->_renderContainer('root', false)
#39 /var/www/html/vendor/magento/framework/View/Layout.php(510): Magento\Framework\View\Layout->renderNonCachedElement('root')
#40 /var/www/html/vendor/magento/framework/View/Layout.php(975): Magento\Framework\View\Layout->renderElement('root')
#41 /var/www/html/generated/code/Magento/Framework/View/Layout/Interceptor.php(41): Magento\Framework\View\Layout->getOutput()
#42 /var/www/html/vendor/magento/framework/View/Result/Page.php(260): Magento\Framework\View\Layout\Interceptor->getOutput()
#43 /var/www/html/vendor/magento/framework/View/Result/Layout.php(171): Magento\Framework\View\Result\Page->render(Object(Magento\Framework\App\Response\Http\Interceptor))
#44 /var/www/html/generated/code/Magento/Backend/Model/View/Result/Page/Interceptor.php(32): Magento\Framework\View\Result\Layout->renderResult(Object(Magento\Framework\App\Response\Http\Interceptor))
#45 /var/www/html/vendor/magento/framework/App/Http.php(120): Magento\Backend\Model\View\Result\Page\Interceptor->renderResult(Object(Magento\Framework\App\Response\Http\Interceptor))
#46 /var/www/html/vendor/magento/framework/Interception/Interceptor.php(58): Magento\Framework\App\Http->launch()
#47 /var/www/html/vendor/magento/framework/Interception/Interceptor.php(138): Magento\Framework\App\Http\Interceptor->___callParent('launch', Array)
#48 /var/www/html/vendor/magento/module-application-performance-monitor/Plugin/ApplicationPerformanceMonitor.php(38): Magento\Framework\App\Http\Interceptor->Magento\Framework\Interception\{closure}()
#49 /var/www/html/vendor/magento/framework/Interception/Interceptor.php(135): Magento\ApplicationPerformanceMonitor\Plugin\ApplicationPerformanceMonitor->aroundLaunch(Object(Magento\Framework\App\Http\Interceptor), Object(Closure))
#50 /var/www/html/vendor/magento/framework/Interception/Interceptor.php(153): Magento\Framework\App\Http\Interceptor->Magento\Framework\Interception\{closure}()
#51 /var/www/html/generated/code/Magento/Framework/App/Http/Interceptor.php(23): Magento\Framework\App\Http\Interceptor->___callPlugins('launch', Array, NULL)
#52 /var/www/html/vendor/magento/framework/App/Bootstrap.php(264): Magento\Framework\App\Http\Interceptor->launch()
#53 /var/www/html/pub/index.php(30): Magento\Framework\App\Bootstrap->run(Object(Magento\Framework\App\Http\Interceptor))
#54 {main} {"exception":"[object] (Zend_Db_Select_Exception(code: 0): You cannot define a correlation name 'd' more than once at /var/www/html/vendor/magento/zend-db/library/Zend/Db/Select.php:833)"} []
